<?xml version="1.0" encoding="UTF-8"?>
<!-- Generated by org.testng.reporters.JUnitReportReporter -->
<testsuite hostname="TX717-4441WGD" name="testscripts.SF.SmokeTestScripts.TC_SF_OBAssociateProperty" tests="1" failures="0" timestamp="19 Apr 2017 14:40:34 GMT" time="70.031" errors="0">
  <testcase name="runTC_SF_OBAssociateProperty" time="70.031" classname="testscripts.SF.SmokeTestScripts.TC_SF_OBAssociateProperty"/>
</testsuite> <!-- testscripts.SF.SmokeTestScripts.TC_SF_OBAssociateProperty -->
