<?xml version="1.0" encoding="UTF-8"?>
<!-- Generated by org.testng.reporters.JUnitReportReporter -->
<testsuite hostname="TX717-4441WGD" name="testscripts.SF.SmokeTestScripts.TC_SF_OBRelatedListsLeadLandingPage" tests="1" failures="0" timestamp="19 Apr 2017 03:17:17 GMT" time="71.756" errors="0">
  <testcase name="runTC_SF_OBRelatedListsLeadLandingPage" time="71.756" classname="testscripts.SF.SmokeTestScripts.TC_SF_OBRelatedListsLeadLandingPage"/>
</testsuite> <!-- testscripts.SF.SmokeTestScripts.TC_SF_OBRelatedListsLeadLandingPage -->
