<?xml version="1.0" encoding="UTF-8"?>
<!-- Generated by org.testng.reporters.JUnitReportReporter -->
<testsuite hostname="TX717-4441WGD" name="testscripts.SF.SmokeTest_API.TC_SF_API_Opportunities" tests="1" failures="0" timestamp="19 Apr 2017 19:36:32 GMT" time="19.593" errors="0">
  <testcase name="runTC_SF_API_Opportunities" time="19.593" classname="testscripts.SF.SmokeTest_API.TC_SF_API_Opportunities"/>
</testsuite> <!-- testscripts.SF.SmokeTest_API.TC_SF_API_Opportunities -->
