<?xml version="1.0" encoding="UTF-8"?>
<!-- Generated by org.testng.reporters.JUnitReportReporter -->
<testsuite hostname="TX717-4441WGD" name="testscripts.SF.SmokeTest_API.TC_SF_API_Accounts" tests="1" failures="0" timestamp="19 Apr 2017 19:33:53 GMT" time="12.587" errors="0">
  <testcase name="runTC_SF_API_Accounts" time="12.587" classname="testscripts.SF.SmokeTest_API.TC_SF_API_Accounts"/>
</testsuite> <!-- testscripts.SF.SmokeTest_API.TC_SF_API_Accounts -->
