<?xml version="1.0" encoding="UTF-8"?>
<!-- Generated by org.testng.reporters.JUnitReportReporter -->
<testsuite hostname="TX717-4441WGD" name="testscripts.SF.SmokeTestScripts.TC_SF_OBNewContactPageLayout" tests="1" failures="0" timestamp="19 Apr 2017 14:32:46 GMT" time="23.984" errors="0">
  <testcase name="runTC_SF_OBNewContactPageLayout" time="23.984" classname="testscripts.SF.SmokeTestScripts.TC_SF_OBNewContactPageLayout"/>
</testsuite> <!-- testscripts.SF.SmokeTestScripts.TC_SF_OBNewContactPageLayout -->
