<?xml version="1.0" encoding="UTF-8"?>
<!-- Generated by org.testng.reporters.JUnitReportReporter -->
<testsuite hostname="TX717-4441WGD" name="testscripts.SF.SmokeTestScripts.TC_SF_ManagerLogin" tests="1" failures="0" timestamp="19 Apr 2017 03:17:17 GMT" time="33.719" errors="0">
  <testcase name="runTC_SF_ManagerLogin" time="33.719" classname="testscripts.SF.SmokeTestScripts.TC_SF_ManagerLogin"/>
</testsuite> <!-- testscripts.SF.SmokeTestScripts.TC_SF_ManagerLogin -->
