<?xml version="1.0" encoding="UTF-8"?>
<!-- Generated by org.testng.reporters.JUnitReportReporter -->
<testsuite hostname="TX604-7235QTD" name="testscripts.SF.RegressionTestScripts.TC_SF_CMAMERBrokerContactsNewActivityLayoutPage" tests="1" failures="0" timestamp="19 Mar 2018 15:05:10 GMT" time="29.423" errors="0">
  <testcase name="runTC_SF_CMAMERBrokerContactsNewActivityLayoutPage" time="29.423" classname="testscripts.SF.RegressionTestScripts.TC_SF_CMAMERBrokerContactsNewActivityLayoutPage"/>
</testsuite> <!-- testscripts.SF.RegressionTestScripts.TC_SF_CMAMERBrokerContactsNewActivityLayoutPage -->
