<?xml version="1.0" encoding="UTF-8"?>
<!-- Generated by org.testng.reporters.JUnitReportReporter -->
<testsuite hostname="TX717-4441WGD" name="testscripts.SF.RegressionTestScriptsOpp.TC_SF_ABAMERManagerDefaultLandingPage" tests="1" failures="0" timestamp="15 Jun 2017 15:43:09 GMT" time="23.926" errors="0">
  <testcase name="runTC_SF_ABAMERManagerDefaultLandingPage" time="23.926" classname="testscripts.SF.RegressionTestScriptsOpp.TC_SF_ABAMERManagerDefaultLandingPage"/>
</testsuite> <!-- testscripts.SF.RegressionTestScriptsOpp.TC_SF_ABAMERManagerDefaultLandingPage -->
