<?xml version="1.0" encoding="UTF-8"?>
<!-- Generated by org.testng.reporters.JUnitReportReporter -->
<testsuite hostname="TX590-5R10QN2" name="testscripts.SF.RegressionTestScripts.TC_SF_ABAMERManagerLeadsVerifyNewCustomPage" tests="1" failures="0" timestamp="16 May 2018 19:22:17 GMT" time="97.463" errors="0">
  <testcase name="runTC_SF_ABAMERManagerLeadsVerifyCustomPage" time="97.463" classname="testscripts.SF.RegressionTestScripts.TC_SF_ABAMERManagerLeadsVerifyNewCustomPage"/>
</testsuite> <!-- testscripts.SF.RegressionTestScripts.TC_SF_ABAMERManagerLeadsVerifyNewCustomPage -->
