<?xml version="1.0" encoding="UTF-8"?>
<!-- Generated by org.testng.reporters.JUnitReportReporter -->
<testsuite hostname="TX717-4441WGD" name="testscripts.SF.Release37TestScripts.TC_SF_OBAMERBrokerSpecialityGroupField" tests="1" failures="0" timestamp="8 Sep 2017 17:21:04 GMT" time="64.459" errors="0">
  <testcase name="runTC_SF_OBAMERBrokerSpecialityGroupField" time="64.459" classname="testscripts.SF.Release37TestScripts.TC_SF_OBAMERBrokerSpecialityGroupField"/>
</testsuite> <!-- testscripts.SF.Release37TestScripts.TC_SF_OBAMERBrokerSpecialityGroupField -->
