<?xml version="1.0" encoding="UTF-8"?>
<!-- Generated by org.testng.reporters.JUnitReportReporter -->
<testsuite hostname="TX717-4441WGD" name="testscripts.SF.RegressionTestScriptsOpp.TC_SF_OBAMERManagerAutoGeneratedOpportunity" tests="1" failures="0" timestamp="31 Aug 2017 18:02:26 GMT" time="12.173" errors="0">
  <testcase name="runTC_SF_OBAMERManagerAutoGeneratedOpportunity" time="12.173" classname="testscripts.SF.RegressionTestScriptsOpp.TC_SF_OBAMERManagerAutoGeneratedOpportunity"/>
</testsuite> <!-- testscripts.SF.RegressionTestScriptsOpp.TC_SF_OBAMERManagerAutoGeneratedOpportunity -->
