<?xml version="1.0" encoding="UTF-8"?>
<!-- Generated by org.testng.reporters.JUnitReportReporter -->
<testsuite hostname="TX604-7235QTD" name="testscripts.SF.RegressionTestScripts.TC_SF_CMAMERBrokerContactsLandingPage" tests="1" failures="0" timestamp="19 Mar 2018 04:17:47 GMT" time="58.340" errors="0">
  <testcase name="runTC_SF_CMAMERBrokerContactsLandingPage" time="58.340" classname="testscripts.SF.RegressionTestScripts.TC_SF_CMAMERBrokerContactsLandingPage"/>
</testsuite> <!-- testscripts.SF.RegressionTestScripts.TC_SF_CMAMERBrokerContactsLandingPage -->
