<?xml version="1.0" encoding="UTF-8"?>
<!-- Generated by org.testng.reporters.JUnitReportReporter -->
<testsuite hostname="TX717-4441WGD" name="testscripts.SF.RegressionTestScriptsOpp.TC_SF_ABAMERCSSEditPaidInstallment" tests="1" failures="0" timestamp="13 Jun 2017 21:37:26 GMT" time="44.309" errors="0">
  <testcase name="runTC_SF_ABAMERCSSEditPaidInstallment" time="44.309" classname="testscripts.SF.RegressionTestScriptsOpp.TC_SF_ABAMERCSSEditPaidInstallment"/>
</testsuite> <!-- testscripts.SF.RegressionTestScriptsOpp.TC_SF_ABAMERCSSEditPaidInstallment -->
