<?xml version="1.0" encoding="UTF-8"?>
<!-- Generated by org.testng.reporters.JUnitReportReporter -->
<testsuite hostname="TX604-7235QTD" name="testscripts.SF.RegressionTestScripts.TC_SF_OBAMERManagerLeadsConvertWithExistingAccount" tests="1" failures="1" timestamp="19 Mar 2018 04:17:47 GMT" time="49.652" errors="0">
  <testcase name="runTC_SF_OBAMERManagerLeadsConvertWithExistingAccount" time="49.652" classname="testscripts.SF.RegressionTestScripts.TC_SF_OBAMERManagerLeadsConvertWithExistingAccount">
    <failure type="java.lang.AssertionError" message="java.lang.NullPointerException">
      <![CDATA[java.lang.AssertionError: java.lang.NullPointerException
	at org.testng.Assert.fail(Assert.java:94)
	at com.cognizant.Craft.CRAFTTestCase.tearDownTestRunner(CRAFTTestCase.java:149)
	at testscripts.SF.RegressionTestScripts.TC_SF_OBAMERManagerLeadsConvertWithExistingAccount.runTC_SF_OBAMERManagerLeadsConvertWithExistingAccount(TC_SF_OBAMERManagerLeadsConvertWithExistingAccount.java:35)
	at sun.reflect.NativeMethodAccessorImpl.invoke0(Native Method)
	at sun.reflect.NativeMethodAccessorImpl.invoke(Unknown Source)
	at sun.reflect.DelegatingMethodAccessorImpl.invoke(Unknown Source)
	at java.lang.reflect.Method.invoke(Unknown Source)
	at org.testng.internal.MethodInvocationHelper.invokeMethod(MethodInvocationHelper.java:86)
	at org.testng.internal.Invoker.invokeMethod(Invoker.java:643)
	at org.testng.internal.Invoker.invokeTestMethod(Invoker.java:820)
	at org.testng.internal.Invoker.invokeTestMethods(Invoker.java:1128)
	at org.testng.internal.TestMethodWorker.invokeTestMethods(TestMethodWorker.java:129)
	at org.testng.internal.TestMethodWorker.run(TestMethodWorker.java:112)
	at java.util.concurrent.ThreadPoolExecutor.runWorker(Unknown Source)
	at java.util.concurrent.ThreadPoolExecutor$Worker.run(Unknown Source)
	at java.lang.Thread.run(Unknown Source)
]]>
    </failure>
  </testcase> <!-- runTC_SF_OBAMERManagerLeadsConvertWithExistingAccount -->
</testsuite> <!-- testscripts.SF.RegressionTestScripts.TC_SF_OBAMERManagerLeadsConvertWithExistingAccount -->
