<?xml version="1.0" encoding="UTF-8"?>
<!-- Generated by org.testng.reporters.JUnitReportReporter -->
<testsuite hostname="TX604-7235QTD" name="testscripts.SF.RegressionTestScripts.TC_SF_CMAMERManagerContactsPopulatingRequiredFieldsPage" tests="1" failures="0" timestamp="19 Mar 2018 04:17:47 GMT" time="4.164" errors="0">
  <testcase name="runTC_SF_CMAMERManagerContactsPopulatingRequiredFieldsPage" time="4.164" classname="testscripts.SF.RegressionTestScripts.TC_SF_CMAMERManagerContactsPopulatingRequiredFieldsPage"/>
</testsuite> <!-- testscripts.SF.RegressionTestScripts.TC_SF_CMAMERManagerContactsPopulatingRequiredFieldsPage -->
