<?xml version="1.0" encoding="UTF-8"?>
<!-- Generated by org.testng.reporters.JUnitReportReporter -->
<testsuite hostname="TX717-4441WGD" name="testscripts.SF.SmokeTest_API.TC_SF_API_Leads" tests="1" failures="0" timestamp="19 Apr 2017 19:33:53 GMT" time="98.459" errors="0">
  <testcase name="runTC_SF_API_Leads" time="98.459" classname="testscripts.SF.SmokeTest_API.TC_SF_API_Leads"/>
</testsuite> <!-- testscripts.SF.SmokeTest_API.TC_SF_API_Leads -->
