<?xml version="1.0" encoding="UTF-8"?>
<!-- Generated by org.testng.reporters.JUnitReportReporter -->
<testsuite hostname="TX717-4441WGD" name="testscripts.SF.RegressionTestScripts.TC_SF_ABAMERBrokerLeadsSharingFunctionalityPage" tests="1" failures="0" timestamp="8 Sep 2017 17:21:04 GMT" time="45.588" errors="0">
  <testcase name="runTC_SF_ABAMERBrokerLeadsSharingFunctionalityPage" time="45.588" classname="testscripts.SF.RegressionTestScripts.TC_SF_ABAMERBrokerLeadsSharingFunctionalityPage"/>
</testsuite> <!-- testscripts.SF.RegressionTestScripts.TC_SF_ABAMERBrokerLeadsSharingFunctionalityPage -->
