<?xml version="1.0" encoding="UTF-8"?>
<!-- Generated by org.testng.reporters.JUnitReportReporter -->
<testsuite hostname="TX717-4441WGD" name="testscripts.SF.RegressionTestScriptsOpp.TC_SF_CMAMERBrokerAssociateProperty" tests="1" failures="0" timestamp="8 Sep 2017 17:21:04 GMT" time="71.925" errors="0">
  <testcase name="runTC_SF_CMAMERBrokerAssociateProperty" time="71.925" classname="testscripts.SF.RegressionTestScriptsOpp.TC_SF_CMAMERBrokerAssociateProperty"/>
</testsuite> <!-- testscripts.SF.RegressionTestScriptsOpp.TC_SF_CMAMERBrokerAssociateProperty -->
