<?xml version="1.0" encoding="UTF-8"?>
<!-- Generated by org.testng.reporters.JUnitReportReporter -->
<testsuite hostname="TX604-7235QTD" name="testscripts.SF.Release37TestScripts.TC_SF_ASAPACBrokerInvestorServices" tests="1" failures="0" timestamp="19 Mar 2018 04:17:48 GMT" time="49.357" errors="0">
  <testcase name="runTC_SF_ASAPACBrokerInvestorServices" time="49.357" classname="testscripts.SF.Release37TestScripts.TC_SF_ASAPACBrokerInvestorServices"/>
</testsuite> <!-- testscripts.SF.Release37TestScripts.TC_SF_ASAPACBrokerInvestorServices -->
