<?xml version="1.0" encoding="UTF-8"?>
<!-- Generated by org.testng.reporters.JUnitReportReporter -->
<testsuite hostname="TX717-4441WGD" name="testscripts.SF.RegressionTestScripts.TC_SF_OBAMERBrokerPropertiesVerifyCustomEventPage" tests="1" failures="0" timestamp="14 Jun 2017 22:03:20 GMT" time="111.231" errors="0">
  <testcase name="runTC_SF_OBAMERBrokerPropertiesVerifyCustomEventPage" time="111.231" classname="testscripts.SF.RegressionTestScripts.TC_SF_OBAMERBrokerPropertiesVerifyCustomEventPage"/>
</testsuite> <!-- testscripts.SF.RegressionTestScripts.TC_SF_OBAMERBrokerPropertiesVerifyCustomEventPage -->
