<?xml version="1.0" encoding="UTF-8"?>
<!-- Generated by org.testng.reporters.JUnitReportReporter -->
<testsuite hostname="TX717-4441WGD" name="testscripts.SF.RegressionTestScripts.TC_SF_ABAMERManagerLeadsVerifyNewCustomPage" tests="1" failures="0" timestamp="8 Sep 2017 17:21:03 GMT" time="75.351" errors="0">
  <testcase name="runTC_SF_ABAMERManagerLeadsVerifyCustomPage" time="75.351" classname="testscripts.SF.RegressionTestScripts.TC_SF_ABAMERManagerLeadsVerifyNewCustomPage"/>
</testsuite> <!-- testscripts.SF.RegressionTestScripts.TC_SF_ABAMERManagerLeadsVerifyNewCustomPage -->
