<?xml version="1.0" encoding="UTF-8"?>
<!-- Generated by org.testng.reporters.JUnitReportReporter -->
<testsuite hostname="TX717-4441WGD" name="testscripts.SF.RegressionTestScripts.TC_SF_OBAMERAdminContactsNewContactLayoutPage" tests="1" failures="0" timestamp="8 Sep 2017 17:21:03 GMT" time="97.127" errors="0">
  <testcase name="runTC_SF_OBAMERAdminContactsNewContactLayoutPage" time="97.127" classname="testscripts.SF.RegressionTestScripts.TC_SF_OBAMERAdminContactsNewContactLayoutPage"/>
</testsuite> <!-- testscripts.SF.RegressionTestScripts.TC_SF_OBAMERAdminContactsNewContactLayoutPage -->
