<?xml version="1.0" encoding="UTF-8"?>
<!-- Generated by org.testng.reporters.JUnitReportReporter -->
<testsuite hostname="TX717-4441WGD" name="testscripts.SF.RegressionTestScriptsOpp.TC_SF_ABAPACManagerOpportunitySharing" tests="1" failures="0" timestamp="6 Sep 2017 18:18:28 GMT" time="63.244" errors="0">
  <testcase name="runTC_SF_ABAPACManagerOpportunitySharing" time="63.244" classname="testscripts.SF.RegressionTestScriptsOpp.TC_SF_ABAPACManagerOpportunitySharing"/>
</testsuite> <!-- testscripts.SF.RegressionTestScriptsOpp.TC_SF_ABAPACManagerOpportunitySharing -->
