<?xml version="1.0" encoding="UTF-8"?>
<!-- Generated by org.testng.reporters.JUnitReportReporter -->
<testsuite hostname="TX717-4441WGD" name="testscripts.SF.Release38TestScripts.TC_SF_CMAPACBrokerPropertiesPropertyFieldValue" tests="1" failures="0" timestamp="8 Sep 2017 17:21:04 GMT" time="67.969" errors="0">
  <testcase name="runTC_SF_CMAPACBrokerPropertiesPropertyFieldValue" time="67.969" classname="testscripts.SF.Release38TestScripts.TC_SF_CMAPACBrokerPropertiesPropertyFieldValue"/>
</testsuite> <!-- testscripts.SF.Release38TestScripts.TC_SF_CMAPACBrokerPropertiesPropertyFieldValue -->
