<?xml version="1.0" encoding="UTF-8"?>
<!-- Generated by org.testng.reporters.JUnitReportReporter -->
<testsuite hostname="TX604-7235QTD" name="testscripts.SF.RegressionTestScripts.TC_SF_ABAMERBrokerPropertiesNewActivityNotificationEmailPage" tests="1" failures="0" timestamp="19 Mar 2018 15:05:10 GMT" time="26.814" errors="0">
  <testcase name="runTC_SF_ABAMERBrokerPropertiesNewActivityNotificationEmailPage" time="26.814" classname="testscripts.SF.RegressionTestScripts.TC_SF_ABAMERBrokerPropertiesNewActivityNotificationEmailPage"/>
</testsuite> <!-- testscripts.SF.RegressionTestScripts.TC_SF_ABAMERBrokerPropertiesNewActivityNotificationEmailPage -->
