<?xml version="1.0" encoding="UTF-8"?>
<!-- Generated by org.testng.reporters.JUnitReportReporter -->
<testsuite hostname="TX604-7235QTD" name="testscripts.SF.RegressionTestScriptsOpp.TC_SF_CMAMERManagerDSFDefaultSalesPhaseField" tests="1" failures="0" timestamp="19 Mar 2018 04:17:48 GMT" time="41.063" errors="0">
  <testcase name="runTC_SF_CMAMERManagerDSFDefaultSalesPhaseField" time="41.063" classname="testscripts.SF.RegressionTestScriptsOpp.TC_SF_CMAMERManagerDSFDefaultSalesPhaseField"/>
</testsuite> <!-- testscripts.SF.RegressionTestScriptsOpp.TC_SF_CMAMERManagerDSFDefaultSalesPhaseField -->
