<?xml version="1.0" encoding="UTF-8"?>
<!-- Generated by org.testng.reporters.JUnitReportReporter -->
<testsuite hostname="TX604-7235QTD" name="testscripts.SF.RegressionTestScriptsOpp.TC_SF_CMEMEACSSDSFAutoGeneratedOpportunity" tests="1" failures="0" timestamp="19 Mar 2018 04:17:47 GMT" time="11.785" errors="0">
  <testcase name="runTC_SF_CMEMEACSSDSFAutoGeneratedOpportunity" time="11.785" classname="testscripts.SF.RegressionTestScriptsOpp.TC_SF_CMEMEACSSDSFAutoGeneratedOpportunity"/>
</testsuite> <!-- testscripts.SF.RegressionTestScriptsOpp.TC_SF_CMEMEACSSDSFAutoGeneratedOpportunity -->
