<?xml version="1.0" encoding="UTF-8"?>
<!-- Generated by org.testng.reporters.JUnitReportReporter -->
<testsuite hostname="TX604-7235QTD" name="testscripts.SF.RegressionTestScripts.TC_SF_ABAMERManagerAccountsPopulatingRequiredFieldsPage" tests="1" failures="0" timestamp="19 Mar 2018 04:17:48 GMT" time="2.840" errors="0">
  <testcase name="runTC_SF_ABAMERManagerAccountsPopulatingRequiredFieldsPage" time="2.840" classname="testscripts.SF.RegressionTestScripts.TC_SF_ABAMERManagerAccountsPopulatingRequiredFieldsPage"/>
</testsuite> <!-- testscripts.SF.RegressionTestScripts.TC_SF_ABAMERManagerAccountsPopulatingRequiredFieldsPage -->
