<?xml version="1.0" encoding="UTF-8"?>
<!-- Generated by org.testng.reporters.JUnitReportReporter -->
<testsuite hostname="TX717-4441WGD" name="testscripts.SF.RegressionTestScripts.TC_SF_CMAMERBrokerHomePageLinks" tests="1" failures="0" timestamp="13 Jun 2017 17:38:41 GMT" time="23.164" errors="0">
  <testcase name="runTC_SF_CMAMERBrokerHomePageLinks" time="23.164" classname="testscripts.SF.RegressionTestScripts.TC_SF_CMAMERBrokerHomePageLinks"/>
</testsuite> <!-- testscripts.SF.RegressionTestScripts.TC_SF_CMAMERBrokerHomePageLinks -->
