<?xml version="1.0" encoding="UTF-8"?>
<!-- Generated by org.testng.reporters.JUnitReportReporter -->
<testsuite hostname="TX604-7235QTD" name="testscripts.SF.RegressionTestScriptsOpp.TC_SF_CMAMERManagerDSFAutoGeneratedOpportunity" tests="1" failures="0" timestamp="19 Mar 2018 04:17:47 GMT" time="6.776" errors="0">
  <testcase name="runTC_SF_CMAMERManagerDSFAutoGeneratedOpportunity" time="6.776" classname="testscripts.SF.RegressionTestScriptsOpp.TC_SF_CMAMERManagerDSFAutoGeneratedOpportunity"/>
</testsuite> <!-- testscripts.SF.RegressionTestScriptsOpp.TC_SF_CMAMERManagerDSFAutoGeneratedOpportunity -->
