<?xml version="1.0" encoding="UTF-8"?>
<!-- Generated by org.testng.reporters.JUnitReportReporter -->
<testsuite hostname="TX590-5R10QN2" name="testscripts.SF.RegressionTestScripts.TC_SF_ABAMERManagerLeadsVerifyCreateLead" tests="1" failures="0" timestamp="16 May 2018 15:52:28 GMT" time="54.382" errors="0">
  <testcase name="runTC_SF_ABAMERManagerLeadsVerifyCreateLead" time="54.382" classname="testscripts.SF.RegressionTestScripts.TC_SF_ABAMERManagerLeadsVerifyCreateLead"/>
</testsuite> <!-- testscripts.SF.RegressionTestScripts.TC_SF_ABAMERManagerLeadsVerifyCreateLead -->
