<?xml version="1.0" encoding="UTF-8"?>
<!-- Generated by org.testng.reporters.JUnitReportReporter -->
<testsuite hostname="TX604-7235QTD" name="testscripts.SF.SmokeTestScripts.TC_SF_OBAMERAdminValidateCustomerPropertyPage" tests="1" failures="0" timestamp="19 Mar 2018 04:17:49 GMT" time="70.811" errors="0">
  <testcase name="runTC_SF_OBAMERAdminValidateCustomerPropertyPage" time="70.811" classname="testscripts.SF.SmokeTestScripts.TC_SF_OBAMERAdminValidateCustomerPropertyPage"/>
</testsuite> <!-- testscripts.SF.SmokeTestScripts.TC_SF_OBAMERAdminValidateCustomerPropertyPage -->
