<?xml version="1.0" encoding="UTF-8"?>
<!-- Generated by org.testng.reporters.JUnitReportReporter -->
<testsuite hostname="TX717-4441WGD" name="testscripts.SF.RegressionTestScriptsOpp.TC_SF_ABAMERCSSRecalculateRoundOffRule" tests="1" failures="0" timestamp="11 Sep 2017 19:20:57 GMT" time="86.324" errors="0">
  <testcase name="runTC_SF_ABAMERCSSRecalculateRoundOffRule" time="86.324" classname="testscripts.SF.RegressionTestScriptsOpp.TC_SF_ABAMERCSSRecalculateRoundOffRule"/>
</testsuite> <!-- testscripts.SF.RegressionTestScriptsOpp.TC_SF_ABAMERCSSRecalculateRoundOffRule -->
