<?xml version="1.0" encoding="UTF-8"?>
<!-- Generated by org.testng.reporters.JUnitReportReporter -->
<testsuite hostname="TX717-4441WGD" name="testscripts.SF.RegressionTestScriptsOpp.TC_SF_ABAMERBrokerInLineEditEvenPercentOpportunity" tests="1" failures="0" timestamp="13 Jun 2017 19:58:54 GMT" time="295.033" errors="0">
  <testcase name="runTC_SF_ABAMERBrokerInLineEditEvenPercentOpportunity" time="295.033" classname="testscripts.SF.RegressionTestScriptsOpp.TC_SF_ABAMERBrokerInLineEditEvenPercentOpportunity"/>
</testsuite> <!-- testscripts.SF.RegressionTestScriptsOpp.TC_SF_ABAMERBrokerInLineEditEvenPercentOpportunity -->
