<?xml version="1.0" encoding="UTF-8"?>
<!-- Generated by org.testng.reporters.JUnitReportReporter -->
<testsuite hostname="TX717-4441WGD" name="testscripts.SF.RegressionTestScriptsOpp.TC_SF_OBAMERBrokerEditPaidInstallment" tests="1" failures="0" timestamp="12 Sep 2017 18:56:20 GMT" time="99.432" errors="0">
  <testcase name="runTC_SF_OBAMERBrokerEditPaidInstallment" time="99.432" classname="testscripts.SF.RegressionTestScriptsOpp.TC_SF_OBAMERBrokerEditPaidInstallment"/>
</testsuite> <!-- testscripts.SF.RegressionTestScriptsOpp.TC_SF_OBAMERBrokerEditPaidInstallment -->
