<?xml version="1.0" encoding="UTF-8"?>
<!-- Generated by org.testng.reporters.JUnitReportReporter -->
<testsuite hostname="TX604-7235QTD" name="testscripts.SF.RegressionTestScripts.TC_SF_OBAMERCSSOpportunityRecordTypeFieldPage" tests="1" failures="0" timestamp="19 Mar 2018 04:17:49 GMT" time="28.716" errors="0">
  <testcase name="runTC_SF_OBAMERCSSOpportunityRecordTypeFieldPage" time="28.716" classname="testscripts.SF.RegressionTestScripts.TC_SF_OBAMERCSSOpportunityRecordTypeFieldPage"/>
</testsuite> <!-- testscripts.SF.RegressionTestScripts.TC_SF_OBAMERCSSOpportunityRecordTypeFieldPage -->
