<?xml version="1.0" encoding="UTF-8"?>
<!-- Generated by org.testng.reporters.JUnitReportReporter -->
<testsuite hostname="TX717-4441WGD" name="testscripts.SF.RegressionTestScripts.TC_SF_OBAMERCSSContactsPopulatingAllFields" tests="1" failures="0" timestamp="8 Sep 2017 17:21:03 GMT" time="98.242" errors="0">
  <testcase name="runTC_SF_OBAMERCSSContactsPopulatingAllFields" time="98.242" classname="testscripts.SF.RegressionTestScripts.TC_SF_OBAMERCSSContactsPopulatingAllFields"/>
</testsuite> <!-- testscripts.SF.RegressionTestScripts.TC_SF_OBAMERCSSContactsPopulatingAllFields -->
