<?xml version="1.0" encoding="UTF-8"?>
<!-- Generated by org.testng.reporters.JUnitReportReporter -->
<testsuite hostname="TX604-7235QTD" name="testscripts.SF.RegressionTestScriptsOpp.TC_SF_ABAMERBrokerMultipleInstallmentsEvenPercent" tests="1" failures="1" timestamp="19 Mar 2018 04:17:48 GMT" time="59.629" errors="0">
  <testcase name="runTC_SF_ABAMERBrokerMultipleInstallmentsEvenPercent" time="59.629" classname="testscripts.SF.RegressionTestScriptsOpp.TC_SF_ABAMERBrokerMultipleInstallmentsEvenPercent">
    <failure type="java.lang.AssertionError" message="unknown error: Element &lt;span class=&quot;view-all-label&quot; data-aura-rendered-by=&quot;355:3726;a&quot; style=&quot;border: 2px solid yellow;&quot;&gt;...&lt;/span&gt; is not clickable at point (452, 612). Other element would receive the click: &lt;td&gt;...&lt;/td&gt;
  (Session info: chrome=65.0.3325.162)
  (Driver info: chromedriver=2.35.528161 (5b82f2d2aae0ca24b877009200ced9065a772e73),platform=Windows NT 10.0.14393 x86_64) (WARNING: The server did not provide any stacktrace information)
Command duration or timeout: 120 milliseconds
Build info: version: &#039;3.0.1&#039;, revision: &#039;1969d75&#039;, time: &#039;2016-10-18 09:49:13 -0700&#039;
System info: host: &#039;TX604-7235QTD&#039;, ip: &#039;192.168.1.109&#039;, os.name: &#039;Windows 10&#039;, os.arch: &#039;amd64&#039;, os.version: &#039;10.0&#039;, java.version: &#039;1.8.0_162&#039;
Driver info: org.openqa.selenium.chrome.ChromeDriver
Capabilities [{applicationCacheEnabled=false, rotatable=false, mobileEmulationEnabled=false, networkConnectionEnabled=false, chrome={chromedriverVersion=2.35.528161 (5b82f2d2aae0ca24b877009200ced9065a772e73), userDataDir=C:\Users\SBitra\AppData\Local\Temp\scoped_dir19544_1534}, takesHeapSnapshot=true, pageLoadStrategy=normal, databaseEnabled=false, handlesAlerts=true, hasTouchScreen=false, version=65.0.3325.162, platform=XP, browserConnectionEnabled=false, nativeEvents=true, acceptSslCerts=false, acceptInsecureCerts=false, locationContextEnabled=true, webStorageEnabled=true, browserName=chrome, takesScreenshot=true, javascriptEnabled=true, cssSelectorsEnabled=true, setWindowRect=true, unexpectedAlertBehaviour=}]
Session ID: 00384ef24b34045ec2b6fabad548f8af">
      <![CDATA[java.lang.AssertionError: unknown error: Element <span class="view-all-label" data-aura-rendered-by="355:3726;a" style="border: 2px solid yellow;">...</span> is not clickable at point (452, 612). Other element would receive the click: <td>...</td>
  (Session info: chrome=65.0.3325.162)
  (Driver info: chromedriver=2.35.528161 (5b82f2d2aae0ca24b877009200ced9065a772e73),platform=Windows NT 10.0.14393 x86_64) (WARNING: The server did not provide any stacktrace information)
Command duration or timeout: 120 milliseconds
Build info: version: '3.0.1', revision: '1969d75', time: '2016-10-18 09:49:13 -0700'
System info: host: 'TX604-7235QTD', ip: '192.168.1.109', os.name: 'Windows 10', os.arch: 'amd64', os.version: '10.0', java.version: '1.8.0_162'
Driver info: org.openqa.selenium.chrome.ChromeDriver
Capabilities [{applicationCacheEnabled=false, rotatable=false, mobileEmulationEnabled=false, networkConnectionEnabled=false, chrome={chromedriverVersion=2.35.528161 (5b82f2d2aae0ca24b877009200ced9065a772e73), userDataDir=C:\Users\SBitra\AppData\Local\Temp\scoped_dir19544_1534}, takesHeapSnapshot=true, pageLoadStrategy=normal, databaseEnabled=false, handlesAlerts=true, hasTouchScreen=false, version=65.0.3325.162, platform=XP, browserConnectionEnabled=false, nativeEvents=true, acceptSslCerts=false, acceptInsecureCerts=false, locationContextEnabled=true, webStorageEnabled=true, browserName=chrome, takesScreenshot=true, javascriptEnabled=true, cssSelectorsEnabled=true, setWindowRect=true, unexpectedAlertBehaviour=}]
Session ID: 00384ef24b34045ec2b6fabad548f8af
	at org.testng.Assert.fail(Assert.java:94)
	at com.cognizant.Craft.CRAFTTestCase.tearDownTestRunner(CRAFTTestCase.java:149)
	at testscripts.SF.RegressionTestScriptsOpp.TC_SF_ABAMERBrokerMultipleInstallmentsEvenPercent.runTC_SF_ABAMERBrokerMultipleInstallmentsEvenPercent(TC_SF_ABAMERBrokerMultipleInstallmentsEvenPercent.java:34)
	at sun.reflect.NativeMethodAccessorImpl.invoke0(Native Method)
	at sun.reflect.NativeMethodAccessorImpl.invoke(Unknown Source)
	at sun.reflect.DelegatingMethodAccessorImpl.invoke(Unknown Source)
	at java.lang.reflect.Method.invoke(Unknown Source)
	at org.testng.internal.MethodInvocationHelper.invokeMethod(MethodInvocationHelper.java:86)
	at org.testng.internal.Invoker.invokeMethod(Invoker.java:643)
	at org.testng.internal.Invoker.invokeTestMethod(Invoker.java:820)
	at org.testng.internal.Invoker.invokeTestMethods(Invoker.java:1128)
	at org.testng.internal.TestMethodWorker.invokeTestMethods(TestMethodWorker.java:129)
	at org.testng.internal.TestMethodWorker.run(TestMethodWorker.java:112)
	at java.util.concurrent.ThreadPoolExecutor.runWorker(Unknown Source)
	at java.util.concurrent.ThreadPoolExecutor$Worker.run(Unknown Source)
	at java.lang.Thread.run(Unknown Source)
]]>
    </failure>
  </testcase> <!-- runTC_SF_ABAMERBrokerMultipleInstallmentsEvenPercent -->
</testsuite> <!-- testscripts.SF.RegressionTestScriptsOpp.TC_SF_ABAMERBrokerMultipleInstallmentsEvenPercent -->
