<?xml version="1.0" encoding="UTF-8"?>
<!-- Generated by org.testng.reporters.JUnitReportReporter -->
<testsuite hostname="TX717-4441WGD" name="testscripts.SF.RegressionTestScriptsOpp.TC_SF_GWSEMEABrokerAutoGeneratedOpportunity" tests="1" failures="0" timestamp="31 Aug 2017 18:18:22 GMT" time="14.407" errors="0">
  <testcase name="runTC_SF_GWSEMEABrokerAutoGeneratedOpportunity" time="14.407" classname="testscripts.SF.RegressionTestScriptsOpp.TC_SF_GWSEMEABrokerAutoGeneratedOpportunity"/>
</testsuite> <!-- testscripts.SF.RegressionTestScriptsOpp.TC_SF_GWSEMEABrokerAutoGeneratedOpportunity -->
