<?xml version="1.0" encoding="UTF-8"?>
<!-- Generated by org.testng.reporters.JUnitReportReporter -->
<testsuite hostname="TX717-4441WGD" name="testscripts.SF.Release37TestScripts.TC_SF_OBAMERAdminAccountsPrivateTags" tests="1" failures="0" timestamp="8 Sep 2017 17:21:03 GMT" time="119.652" errors="0">
  <testcase name="RUNTC_SF_OBAMERAdminAccountsPrivateTags" time="119.652" classname="testscripts.SF.Release37TestScripts.TC_SF_OBAMERAdminAccountsPrivateTags"/>
</testsuite> <!-- testscripts.SF.Release37TestScripts.TC_SF_OBAMERAdminAccountsPrivateTags -->
