<?xml version="1.0" encoding="UTF-8"?>
<!-- Generated by org.testng.reporters.JUnitReportReporter -->
<testsuite hostname="TX717-4441WGD" name="testscripts.SF.SmokeTestScripts.TC_SF_OBAMERBrokerRelatedListsLeadLandingPage" tests="1" failures="0" timestamp="12 Sep 2017 19:39:35 GMT" time="96.596" errors="0">
  <testcase name="runTC_SF_OBAMERBrokerRelatedListsLeadLandingPage" time="96.596" classname="testscripts.SF.SmokeTestScripts.TC_SF_OBAMERBrokerRelatedListsLeadLandingPage"/>
</testsuite> <!-- testscripts.SF.SmokeTestScripts.TC_SF_OBAMERBrokerRelatedListsLeadLandingPage -->
