<?xml version="1.0" encoding="UTF-8"?>
<!-- Generated by org.testng.reporters.JUnitReportReporter -->
<testsuite hostname="TX604-7235QTD" name="testscripts.SF.SmokeTestScripts.TC_SF_OBAMERAdminHomePageLinks" tests="1" failures="0" timestamp="19 Mar 2018 04:17:48 GMT" time="208.569" errors="1">
  <testcase name="runTC_SF_OBAMERAdminHomePageLinks" time="208.569" classname="testscripts.SF.SmokeTestScripts.TC_SF_OBAMERAdminHomePageLinks">
    <error type="com.cognizant.framework.FrameworkException" message="Error while capturing the screenshot">
      <![CDATA[com.cognizant.framework.FrameworkException: Error while capturing the screenshot
	at com.cognizant.framework.selenium.SeleniumReport.takeScreenshot(SeleniumReport.java:94)
	at com.cognizant.framework.Report.handleStepInvolvingScreenshot(Report.java:270)
	at com.cognizant.framework.Report.updateTestLog(Report.java:219)
	at com.cognizant.Craft.DriverScript.exceptionHandler(DriverScript.java:671)
	at com.cognizant.Craft.DriverScript.executeCRAFTTestIterations(DriverScript.java:557)
	at com.cognizant.Craft.DriverScript.executeCraft(DriverScript.java:172)
	at com.cognizant.Craft.DriverScript.driveTestExecution(DriverScript.java:160)
	at testscripts.SF.SmokeTestScripts.TC_SF_OBAMERAdminHomePageLinks.runTC_SF_OBAMERAdminHomePageLinks(TC_SF_OBAMERAdminHomePageLinks.java:33)
	at sun.reflect.NativeMethodAccessorImpl.invoke0(Native Method)
	at sun.reflect.NativeMethodAccessorImpl.invoke(Unknown Source)
	at sun.reflect.DelegatingMethodAccessorImpl.invoke(Unknown Source)
	at java.lang.reflect.Method.invoke(Unknown Source)
	at org.testng.internal.MethodInvocationHelper.invokeMethod(MethodInvocationHelper.java:86)
	at org.testng.internal.Invoker.invokeMethod(Invoker.java:643)
	at org.testng.internal.Invoker.invokeTestMethod(Invoker.java:820)
	at org.testng.internal.Invoker.invokeTestMethods(Invoker.java:1128)
	at org.testng.internal.TestMethodWorker.invokeTestMethods(TestMethodWorker.java:129)
	at org.testng.internal.TestMethodWorker.run(TestMethodWorker.java:112)
	at java.util.concurrent.ThreadPoolExecutor.runWorker(Unknown Source)
	at java.util.concurrent.ThreadPoolExecutor$Worker.run(Unknown Source)
	at java.lang.Thread.run(Unknown Source)
]]>
    </error>
  </testcase> <!-- runTC_SF_OBAMERAdminHomePageLinks -->
</testsuite> <!-- testscripts.SF.SmokeTestScripts.TC_SF_OBAMERAdminHomePageLinks -->
