<?xml version="1.0" encoding="UTF-8"?>
<!-- Generated by org.testng.reporters.JUnitReportReporter -->
<testsuite hostname="TX604-7235QTD" name="testscripts.SF.Release37TestScripts.TC_SF_CMEMEABrokerIPContactsHyperlink" tests="1" failures="0" timestamp="19 Mar 2018 04:17:48 GMT" time="64.987" errors="0">
  <testcase name="runTC_SF_CMEMEABrokerIPContactsHyperlink" time="64.987" classname="testscripts.SF.Release37TestScripts.TC_SF_CMEMEABrokerIPContactsHyperlink"/>
</testsuite> <!-- testscripts.SF.Release37TestScripts.TC_SF_CMEMEABrokerIPContactsHyperlink -->
