<?xml version="1.0" encoding="UTF-8"?>
<!-- Generated by org.testng.reporters.JUnitReportReporter -->
<testsuite hostname="TX717-4441WGD" name="testscripts.SF.Release37TestScripts.TC_SF_ASEMEAManagerOpportunitiesVerifyLeasingAnnualRevenueFieldPage" tests="1" failures="0" timestamp="12 Jun 2017 22:02:49 GMT" time="58.181" errors="0">
  <testcase name="runTC_SF_ASEMEAManagerOpportunitiesVerifyLeasingAnnualRevenueFieldPage" time="58.181" classname="testscripts.SF.Release37TestScripts.TC_SF_ASEMEAManagerOpportunitiesVerifyLeasingAnnualRevenueFieldPage"/>
</testsuite> <!-- testscripts.SF.Release37TestScripts.TC_SF_ASEMEAManagerOpportunitiesVerifyLeasingAnnualRevenueFieldPage -->
