<?xml version="1.0" encoding="UTF-8"?>
<!-- Generated by org.testng.reporters.JUnitReportReporter -->
<testsuite hostname="TX717-4441WGD" name="testscripts.SF.RegressionTestScripts.TC_SF_OBAPACBrokerAccountsDetailsEditPage" tests="1" failures="0" timestamp="1 Sep 2017 19:50:50 GMT" time="82.230" errors="0">
  <testcase name="runTC_SF_OBAPACBrokerAccountsDetailsEditPage" time="82.230" classname="testscripts.SF.RegressionTestScripts.TC_SF_OBAPACBrokerAccountsDetailsEditPage"/>
</testsuite> <!-- testscripts.SF.RegressionTestScripts.TC_SF_OBAPACBrokerAccountsDetailsEditPage -->
