<?xml version="1.0" encoding="UTF-8"?>
<!-- Generated by org.testng.reporters.JUnitReportReporter -->
<testsuite hostname="TX717-4441WGD" name="testscripts.SF.SmokeTest_API.TC_SF_API_FetchRecord" tests="1" failures="0" timestamp="19 Apr 2017 19:33:53 GMT" time="40.526" errors="0">
  <testcase name="runTC_SF_API_FetchRecord" time="40.526" classname="testscripts.SF.SmokeTest_API.TC_SF_API_FetchRecord"/>
</testsuite> <!-- testscripts.SF.SmokeTest_API.TC_SF_API_FetchRecord -->
