<?xml version="1.0" encoding="UTF-8"?>
<!-- Generated by org.testng.reporters.JUnitReportReporter -->
<testsuite hostname="TX717-4441WGD" name="testscripts.SF.RegressionTestScripts.TC_SF_CMAMERManagerPropertiesVerifyCustomEventPage" tests="1" failures="0" timestamp="14 Jun 2017 22:15:54 GMT" time="102.271" errors="0">
  <testcase name="runTC_SF_CMAMERManagerPropertiesVerifyCustomEventPage" time="102.271" classname="testscripts.SF.RegressionTestScripts.TC_SF_CMAMERManagerPropertiesVerifyCustomEventPage"/>
</testsuite> <!-- testscripts.SF.RegressionTestScripts.TC_SF_CMAMERManagerPropertiesVerifyCustomEventPage -->
