<?xml version="1.0" encoding="UTF-8"?>
<!-- Generated by org.testng.reporters.JUnitReportReporter -->
<testsuite hostname="TX717-4441WGD" name="testscripts.SF.RegressionTestScriptsOpp.TC_SF_OBAMERBrokerAssociateProperty" tests="1" failures="0" timestamp="8 Sep 2017 17:21:03 GMT" time="120.837" errors="0">
  <testcase name="runTC_SF_OBAMERBrokerAssociateProperty" time="120.837" classname="testscripts.SF.RegressionTestScriptsOpp.TC_SF_OBAMERBrokerAssociateProperty"/>
</testsuite> <!-- testscripts.SF.RegressionTestScriptsOpp.TC_SF_OBAMERBrokerAssociateProperty -->
