<?xml version="1.0" encoding="UTF-8"?>
<!-- Generated by org.testng.reporters.JUnitReportReporter -->
<testsuite hostname="TX717-4441WGD" name="testscripts.SF.RegressionTestScriptsOpp.TC_SF_ABAMERManagerNewOpportunityPageLayout" tests="1" failures="0" timestamp="15 Jun 2017 19:06:40 GMT" time="308.155" errors="0">
  <testcase name="runTC_SF_ABAMERManagerNewOpportunityPageLayout" time="308.155" classname="testscripts.SF.RegressionTestScriptsOpp.TC_SF_ABAMERManagerNewOpportunityPageLayout"/>
</testsuite> <!-- testscripts.SF.RegressionTestScriptsOpp.TC_SF_ABAMERManagerNewOpportunityPageLayout -->
