<?xml version="1.0" encoding="UTF-8"?>
<!-- Generated by org.testng.reporters.JUnitReportReporter -->
<testsuite hostname="TX604-7235QTD" name="testscripts.SF.SmokeTestScripts.TC_SF_OBAMERBrokerRequiredFieldsOnSalesStage16_19" tests="1" failures="0" timestamp="19 Mar 2018 04:17:48 GMT" time="61.538" errors="0">
  <testcase name="runTC_SF_OBAMERBrokerRequiredFieldsOnSalesStage16_19" time="61.538" classname="testscripts.SF.SmokeTestScripts.TC_SF_OBAMERBrokerRequiredFieldsOnSalesStage16_19"/>
</testsuite> <!-- testscripts.SF.SmokeTestScripts.TC_SF_OBAMERBrokerRequiredFieldsOnSalesStage16_19 -->
