<?xml version="1.0" encoding="UTF-8"?>
<!-- Generated by org.testng.reporters.JUnitReportReporter -->
<testsuite hostname="TX717-4441WGD" name="testscripts.SF.SmokeTestScripts.TC_SF_OBAMERBrokerAssociateProperty" tests="1" failures="0" timestamp="19 Jun 2017 18:52:14 GMT" time="82.810" errors="0">
  <testcase name="runTC_SF_OBAMERBrokerAssociateProperty" time="82.810" classname="testscripts.SF.SmokeTestScripts.TC_SF_OBAMERBrokerAssociateProperty"/>
</testsuite> <!-- testscripts.SF.SmokeTestScripts.TC_SF_OBAMERBrokerAssociateProperty -->
