<?xml version="1.0" encoding="UTF-8"?>
<!-- Generated by org.testng.reporters.JUnitReportReporter -->
<testsuite hostname="TX590-5R10QN2" name="testscripts.SF.RegressionTestScripts.TC_SF_ABAMERCSSAccountsPopulatingAllFields" tests="1" failures="0" timestamp="10 May 2018 19:09:38 GMT" time="3.787" errors="0">
  <testcase name="runTC_SF_ABAMERCSSAccountsPopulatingAllFields" time="3.787" classname="testscripts.SF.RegressionTestScripts.TC_SF_ABAMERCSSAccountsPopulatingAllFields"/>
</testsuite> <!-- testscripts.SF.RegressionTestScripts.TC_SF_ABAMERCSSAccountsPopulatingAllFields -->
