<?xml version="1.0" encoding="UTF-8"?>
<!-- Generated by org.testng.reporters.JUnitReportReporter -->
<testsuite hostname="TX717-4441WGD" name="testscripts.SF.Release37TestScripts.TC_SF_OBAMERBrokerOpportunitiesVerifyingPreferedPropertyTypeField" tests="1" failures="0" timestamp="12 Jun 2017 22:02:49 GMT" time="134.207" errors="1">
  <testcase name="runTC_SF_OBAMERBrokerOpportunitiesVerifyingPreferedPropertyTypeField" time="134.207" classname="testscripts.SF.Release37TestScripts.TC_SF_OBAMERBrokerOpportunitiesVerifyingPreferedPropertyTypeField">
    <error type="com.cognizant.framework.FrameworkException" message="Error while capturing the screenshot">
      <![CDATA[com.cognizant.framework.FrameworkException: Error while capturing the screenshot
	at com.cognizant.framework.selenium.SeleniumReport.takeScreenshot(SeleniumReport.java:94)
	at com.cognizant.framework.Report.handleStepInvolvingScreenshot(Report.java:287)
	at com.cognizant.framework.Report.updateTestLog(Report.java:228)
	at com.cognizant.Craft.DriverScript.exceptionHandler(DriverScript.java:719)
	at com.cognizant.Craft.DriverScript.executeCRAFTTestIterations(DriverScript.java:594)
	at com.cognizant.Craft.DriverScript.executeCraft(DriverScript.java:157)
	at com.cognizant.Craft.DriverScript.driveTestExecution(DriverScript.java:150)
	at testscripts.SF.Release37TestScripts.TC_SF_OBAMERBrokerOpportunitiesVerifyingPreferedPropertyTypeField.runTC_SF_OBAMERBrokerOpportunitiesVerifyingPreferedPropertyTypeField(TC_SF_OBAMERBrokerOpportunitiesVerifyingPreferedPropertyTypeField.java:35)
	at sun.reflect.NativeMethodAccessorImpl.invoke0(Native Method)
	at sun.reflect.NativeMethodAccessorImpl.invoke(Unknown Source)
	at sun.reflect.DelegatingMethodAccessorImpl.invoke(Unknown Source)
	at java.lang.reflect.Method.invoke(Unknown Source)
	at org.testng.internal.MethodInvocationHelper.invokeMethod(MethodInvocationHelper.java:86)
	at org.testng.internal.Invoker.invokeMethod(Invoker.java:643)
	at org.testng.internal.Invoker.invokeTestMethod(Invoker.java:820)
	at org.testng.internal.Invoker.invokeTestMethods(Invoker.java:1128)
	at org.testng.internal.TestMethodWorker.invokeTestMethods(TestMethodWorker.java:129)
	at org.testng.internal.TestMethodWorker.run(TestMethodWorker.java:112)
	at java.util.concurrent.ThreadPoolExecutor.runWorker(Unknown Source)
	at java.util.concurrent.ThreadPoolExecutor$Worker.run(Unknown Source)
	at java.lang.Thread.run(Unknown Source)
]]>
    </error>
  </testcase> <!-- runTC_SF_OBAMERBrokerOpportunitiesVerifyingPreferedPropertyTypeField -->
</testsuite> <!-- testscripts.SF.Release37TestScripts.TC_SF_OBAMERBrokerOpportunitiesVerifyingPreferedPropertyTypeField -->
