<?xml version="1.0" encoding="UTF-8"?>
<!-- Generated by org.testng.reporters.JUnitReportReporter -->
<testsuite hostname="TX604-7235QTD" name="testscripts.SF.RegressionTestScriptsOpp.TC_SF_GWSAMERManagerOpportunityCloneEdit" tests="1" failures="0" timestamp="19 Mar 2018 15:05:10 GMT" time="31.960" errors="0">
  <testcase name="runTC_SF_GWSAMERManagerOpportunityCloneEdit" time="31.960" classname="testscripts.SF.RegressionTestScriptsOpp.TC_SF_GWSAMERManagerOpportunityCloneEdit"/>
</testsuite> <!-- testscripts.SF.RegressionTestScriptsOpp.TC_SF_GWSAMERManagerOpportunityCloneEdit -->
