<?xml version="1.0" encoding="UTF-8"?>
<!-- Generated by org.testng.reporters.JUnitReportReporter -->
<testsuite hostname="TX590-5R10QN2" name="testscripts.SF.RegressionTestScripts.TC_SF_OBAMERAdminContactsNewContactLayoutPage" tests="1" failures="0" timestamp="17 Jul 2018 16:53:14 GMT" time="4.163" errors="0">
  <testcase name="runTC_SF_OBAMERAdminContactsNewContactLayoutPage" time="4.163" classname="testscripts.SF.RegressionTestScripts.TC_SF_OBAMERAdminContactsNewContactLayoutPage"/>
</testsuite> <!-- testscripts.SF.RegressionTestScripts.TC_SF_OBAMERAdminContactsNewContactLayoutPage -->
