<?xml version="1.0" encoding="UTF-8"?>
<!-- Generated by org.testng.reporters.JUnitReportReporter -->
<testsuite hostname="TX717-4441WGD" name="testscripts.SF.RegressionTestScriptsOpp.TC_SF_OBAMERBrokerMultipleInstallmentsUnEvenPercent" tests="1" failures="0" timestamp="13 Jun 2017 19:26:27 GMT" time="189.602" errors="0">
  <testcase name="runTC_SF_OBAMERBrokerMultipleInstallmentsUnEvenPercent" time="189.602" classname="testscripts.SF.RegressionTestScriptsOpp.TC_SF_OBAMERBrokerMultipleInstallmentsUnEvenPercent"/>
</testsuite> <!-- testscripts.SF.RegressionTestScriptsOpp.TC_SF_OBAMERBrokerMultipleInstallmentsUnEvenPercent -->
