<?xml version="1.0" encoding="UTF-8"?>
<!-- Generated by org.testng.reporters.JUnitReportReporter -->
<testsuite hostname="TX717-4441WGD" name="testscripts.SF.RegressionTestScriptsOpp.TC_SF_ABAMERBrokerEstimatedGrossFeeCommission" tests="1" failures="0" timestamp="11 Sep 2017 16:20:46 GMT" time="109.358" errors="0">
  <testcase name="runTC_SF_ABAMERBrokerEstimatedGrossFeeCommission" time="109.358" classname="testscripts.SF.RegressionTestScriptsOpp.TC_SF_ABAMERBrokerEstimatedGrossFeeCommission"/>
</testsuite> <!-- testscripts.SF.RegressionTestScriptsOpp.TC_SF_ABAMERBrokerEstimatedGrossFeeCommission -->
