<?xml version="1.0" encoding="UTF-8"?>
<!-- Generated by org.testng.reporters.JUnitReportReporter -->
<testsuite hostname="TX717-4441WGD" name="testscripts.SF.Release37TestScripts.TC_SF_ASAMERManagerCMRevenueField" tests="1" failures="0" timestamp="1 Sep 2017 19:50:50 GMT" time="48.120" errors="0">
  <testcase name="runTC_SF_ASAMERManagerCMRevenueField" time="48.120" classname="testscripts.SF.Release37TestScripts.TC_SF_ASAMERManagerCMRevenueField"/>
</testsuite> <!-- testscripts.SF.Release37TestScripts.TC_SF_ASAMERManagerCMRevenueField -->
