<?xml version="1.0" encoding="UTF-8"?>
<!-- Generated by org.testng.reporters.JUnitReportReporter -->
<testsuite hostname="TX604-7235QTD" name="testscripts.SF.RegressionTestScripts.TC_SF_OBAMERBrokerLeadsSharingFunctionalityPage" tests="1" failures="0" timestamp="19 Mar 2018 15:05:10 GMT" time="40.438" errors="0">
  <testcase name="runTC_SF_OBAMERBrokerLeadsSharingFunctionalityPage" time="40.438" classname="testscripts.SF.RegressionTestScripts.TC_SF_OBAMERBrokerLeadsSharingFunctionalityPage"/>
</testsuite> <!-- testscripts.SF.RegressionTestScripts.TC_SF_OBAMERBrokerLeadsSharingFunctionalityPage -->
