<?xml version="1.0" encoding="UTF-8"?>
<!-- Generated by org.testng.reporters.JUnitReportReporter -->
<testsuite hostname="TX717-4441WGD" name="testscripts.SF.RegressionTestScriptsOpp.TC_SF_OBAMERManagerOpportunitySharing" tests="1" failures="0" timestamp="6 Sep 2017 18:24:59 GMT" time="116.909" errors="0">
  <testcase name="runTC_SF_OBAMERManagerOpportunitySharing" time="116.909" classname="testscripts.SF.RegressionTestScriptsOpp.TC_SF_OBAMERManagerOpportunitySharing"/>
</testsuite> <!-- testscripts.SF.RegressionTestScriptsOpp.TC_SF_OBAMERManagerOpportunitySharing -->
