<?xml version="1.0" encoding="UTF-8"?>
<!-- Generated by org.testng.reporters.JUnitReportReporter -->
<testsuite hostname="TX717-4441WGD" name="testscripts.SF.RegressionTestScripts.TC_SF_ABAMERBrokerPropertiesNewActivityLayoutPage" tests="1" failures="0" timestamp="8 Sep 2017 17:21:04 GMT" time="60.964" errors="0">
  <testcase name="runTC_SF_ABAMERBrokerPropertiesNewActivityLayoutPage" time="60.964" classname="testscripts.SF.RegressionTestScripts.TC_SF_ABAMERBrokerPropertiesNewActivityLayoutPage"/>
</testsuite> <!-- testscripts.SF.RegressionTestScripts.TC_SF_ABAMERBrokerPropertiesNewActivityLayoutPage -->
