<?xml version="1.0" encoding="UTF-8"?>
<!-- Generated by org.testng.reporters.JUnitReportReporter -->
<testsuite hostname="TX604-7235QTD" name="testscripts.SF.RegressionTestScriptsOpp.TC_SF_ABAPACManagerModifyAutoGeneratedOpportunityName" tests="1" failures="0" timestamp="19 Mar 2018 04:17:49 GMT" time="22.277" errors="0">
  <testcase name="runTC_SF_ABAPACManagerModifyAutoGeneratedOpportunityName" time="22.277" classname="testscripts.SF.RegressionTestScriptsOpp.TC_SF_ABAPACManagerModifyAutoGeneratedOpportunityName"/>
</testsuite> <!-- testscripts.SF.RegressionTestScriptsOpp.TC_SF_ABAPACManagerModifyAutoGeneratedOpportunityName -->
