<?xml version="1.0" encoding="UTF-8"?>
<!-- Generated by org.testng.reporters.JUnitReportReporter -->
<testsuite hostname="TX717-4441WGD" name="testscripts.SF.RegressionTestScripts.TC_SF_OBAMERManagerPropertiesVerifyCustomEventPage" tests="1" failures="0" timestamp="14 Jun 2017 22:03:20 GMT" time="132.701" errors="0">
  <testcase name="runTC_SF_OBAMERManagerPropertiesVerifyCustomEventPage" time="132.701" classname="testscripts.SF.RegressionTestScripts.TC_SF_OBAMERManagerPropertiesVerifyCustomEventPage"/>
</testsuite> <!-- testscripts.SF.RegressionTestScripts.TC_SF_OBAMERManagerPropertiesVerifyCustomEventPage -->
