<?xml version="1.0" encoding="UTF-8"?>
<!-- Generated by org.testng.reporters.JUnitReportReporter -->
<testsuite hostname="TX604-7235QTD" name="testscripts.SF.RegressionTestScriptsOpp.TC_SF_ABAMERManagerNewOpportunityPageLayout" tests="1" failures="0" timestamp="19 Mar 2018 04:17:48 GMT" time="65.301" errors="0">
  <testcase name="runTC_SF_ABAMERManagerNewOpportunityPageLayout" time="65.301" classname="testscripts.SF.RegressionTestScriptsOpp.TC_SF_ABAMERManagerNewOpportunityPageLayout"/>
</testsuite> <!-- testscripts.SF.RegressionTestScriptsOpp.TC_SF_ABAMERManagerNewOpportunityPageLayout -->
