<?xml version="1.0" encoding="UTF-8"?>
<!-- Generated by org.testng.reporters.JUnitReportReporter -->
<testsuite hostname="TX604-7235QTD" name="testscripts.SF.RegressionTestScripts.TC_SF_ABAMERBrokerLeadsConvertPage" tests="1" failures="0" timestamp="19 Mar 2018 04:17:48 GMT" time="9.943" errors="0">
  <testcase name="runTC_SF_ABAMERBrokerLeadsConvertPage" time="9.943" classname="testscripts.SF.RegressionTestScripts.TC_SF_ABAMERBrokerLeadsConvertPage"/>
</testsuite> <!-- testscripts.SF.RegressionTestScripts.TC_SF_ABAMERBrokerLeadsConvertPage -->
