<?xml version="1.0" encoding="UTF-8"?>
<!-- Generated by org.testng.reporters.JUnitReportReporter -->
<testsuite hostname="TX717-4441WGD" name="testscripts.SF.RegressionTestScripts.TC_SF_OBAMERBrokerOpportunitiesNewCustomEventPage" tests="1" failures="0" timestamp="14 Jun 2017 15:41:41 GMT" time="162.391" errors="0">
  <testcase name="runTC_SF_OBAMERBrokerOpportunitiesNewCustomEventPage" time="162.391" classname="testscripts.SF.RegressionTestScripts.TC_SF_OBAMERBrokerOpportunitiesNewCustomEventPage"/>
</testsuite> <!-- testscripts.SF.RegressionTestScripts.TC_SF_OBAMERBrokerOpportunitiesNewCustomEventPage -->
