<?xml version="1.0" encoding="UTF-8"?>
<!-- Generated by org.testng.reporters.JUnitReportReporter -->
<testsuite hostname="TX717-4441WGD" name="testscripts.SF.RegressionTestScripts.TC_SF_CMAMERBrokerPropertiesCreationOfNewActivityPage" tests="1" failures="0" timestamp="12 Sep 2017 18:56:20 GMT" time="111.501" errors="0">
  <testcase name="runTC_SF_CMEMEABrokerPropertiesCreationOfNewActivityPage" time="111.501" classname="testscripts.SF.RegressionTestScripts.TC_SF_CMAMERBrokerPropertiesCreationOfNewActivityPage"/>
</testsuite> <!-- testscripts.SF.RegressionTestScripts.TC_SF_CMAMERBrokerPropertiesCreationOfNewActivityPage -->
