<?xml version="1.0" encoding="UTF-8"?>
<!-- Generated by org.testng.reporters.JUnitReportReporter -->
<testsuite hostname="TX717-4441WGD" name="testscripts.SF.SmokeTest_API.TC_SF_API_Admin_VerifyUserIDs" tests="1" failures="0" timestamp="14 Sep 2017 16:12:00 GMT" time="662.501" errors="0">
  <testcase name="runTC_SF_API_Admin_VerifyUserIDs" time="662.501" classname="testscripts.SF.SmokeTest_API.TC_SF_API_Admin_VerifyUserIDs"/>
</testsuite> <!-- testscripts.SF.SmokeTest_API.TC_SF_API_Admin_VerifyUserIDs -->
