<?xml version="1.0" encoding="UTF-8"?>
<!-- Generated by org.testng.reporters.JUnitReportReporter -->
<testsuite hostname="TX717-4441WGD" name="testscripts.SF.RegressionTestScriptsOpp.TC_SF_ABAMERBrokerDefaultSalesPhaseField" tests="1" failures="0" timestamp="19 Jun 2017 22:07:30 GMT" time="167.369" errors="0">
  <testcase name="runTC_SF_ABAMERBrokerDefaultSalesPhaseField" time="167.369" classname="testscripts.SF.RegressionTestScriptsOpp.TC_SF_ABAMERBrokerDefaultSalesPhaseField"/>
</testsuite> <!-- testscripts.SF.RegressionTestScriptsOpp.TC_SF_ABAMERBrokerDefaultSalesPhaseField -->
