<?xml version="1.0" encoding="UTF-8"?>
<!-- Generated by org.testng.reporters.JUnitReportReporter -->
<testsuite hostname="TX717-4441WGD" name="testscripts.SF.Release37TestScripts.TC_SF_OBAPACBrokerAccountRecordType" tests="1" failures="0" timestamp="13 Jun 2017 20:36:42 GMT" time="22.241" errors="0">
  <testcase name="runTC_SF_OBAPACBrokerAccountRecordType" time="22.241" classname="testscripts.SF.Release37TestScripts.TC_SF_OBAPACBrokerAccountRecordType"/>
</testsuite> <!-- testscripts.SF.Release37TestScripts.TC_SF_OBAPACBrokerAccountRecordType -->
