<?xml version="1.0" encoding="UTF-8"?>
<!-- Generated by org.testng.reporters.JUnitReportReporter -->
<testsuite hostname="TX717-4441WGD" name="testscripts.SF.Release38TestScripts.TC_SF_OBEMEAManagerOpportunitiesDefaultOpportunityName" tests="1" failures="0" timestamp="12 Sep 2017 19:50:14 GMT" time="61.720" errors="0">
  <testcase name="runTC_SF_OBEMEAManagerOpportunitiesDefaultOpportunityName" time="61.720" classname="testscripts.SF.Release38TestScripts.TC_SF_OBEMEAManagerOpportunitiesDefaultOpportunityName"/>
</testsuite> <!-- testscripts.SF.Release38TestScripts.TC_SF_OBEMEAManagerOpportunitiesDefaultOpportunityName -->
