<?xml version="1.0" encoding="UTF-8"?>
<!-- Generated by org.testng.reporters.JUnitReportReporter -->
<testsuite hostname="TX604-7235QTD" name="testscripts.SF.RegressionTestScripts.TC_SF_ABAMERManagerContactsNewActivityNotificationEmailPage" tests="1" failures="0" timestamp="19 Mar 2018 04:17:48 GMT" time="64.555" errors="0">
  <testcase name="runTC_SF_ABAMERManagerContactsNewActivityNotificationEmailPage" time="64.555" classname="testscripts.SF.RegressionTestScripts.TC_SF_ABAMERManagerContactsNewActivityNotificationEmailPage"/>
</testsuite> <!-- testscripts.SF.RegressionTestScripts.TC_SF_ABAMERManagerContactsNewActivityNotificationEmailPage -->
