<?xml version="1.0" encoding="UTF-8"?>
<!-- Generated by org.testng.reporters.JUnitReportReporter -->
<testsuite hostname="TX604-7235QTD" name="testscripts.SF.SmokeTestScripts.TC_SF_OBAMERBrokerAccountLookUpNewContactPage" tests="1" failures="0" timestamp="19 Mar 2018 15:05:10 GMT" time="28.719" errors="0">
  <testcase name="runTC_SF_OBAMERBrokerAccountLookUpNewContactPage" time="28.719" classname="testscripts.SF.SmokeTestScripts.TC_SF_OBAMERBrokerAccountLookUpNewContactPage"/>
</testsuite> <!-- testscripts.SF.SmokeTestScripts.TC_SF_OBAMERBrokerAccountLookUpNewContactPage -->
