<?xml version="1.0" encoding="UTF-8"?>
<!-- Generated by org.testng.reporters.JUnitReportReporter -->
<testsuite hostname="TX717-4441WGD" name="testscripts.SF.RegressionTestScripts.TC_SF_ABAMERBrokerAccountsPopulatingRequiredFieldsPage" tests="1" failures="0" timestamp="8 Sep 2017 17:21:03 GMT" time="34.352" errors="0">
  <testcase name="runTC_SF_ABAMERBrokerAccountsPopulatingRequiredFieldsPage" time="34.352" classname="testscripts.SF.RegressionTestScripts.TC_SF_ABAMERBrokerAccountsPopulatingRequiredFieldsPage"/>
</testsuite> <!-- testscripts.SF.RegressionTestScripts.TC_SF_ABAMERBrokerAccountsPopulatingRequiredFieldsPage -->
