<?xml version="1.0" encoding="UTF-8"?>
<!-- Generated by org.testng.reporters.JUnitReportReporter -->
<testsuite hostname="TX717-4441WGD" name="testscripts.SF.RegressionTestScripts.TC_SF_ABAMERBrokerAccountsCreationOfNewActivityPage" tests="1" failures="0" timestamp="14 Jun 2017 21:05:16 GMT" time="316.244" errors="0">
  <testcase name="runTC_SF_ABEMEABrokerAccountsCreationOfNewActivityPage" time="316.244" classname="testscripts.SF.RegressionTestScripts.TC_SF_ABAMERBrokerAccountsCreationOfNewActivityPage"/>
</testsuite> <!-- testscripts.SF.RegressionTestScripts.TC_SF_ABAMERBrokerAccountsCreationOfNewActivityPage -->
