<?xml version="1.0" encoding="UTF-8"?>
<!-- Generated by org.testng.reporters.JUnitReportReporter -->
<testsuite hostname="TX604-7235QTD" name="testscripts.SF.RegressionTestScripts.TC_SF_ABAMERBrokerContactsPopulatingRequiredFieldsPage" tests="1" failures="0" timestamp="19 Mar 2018 15:05:10 GMT" time="7.544" errors="0">
  <testcase name="runTC_SF_ABAMERBrokerContactsPopulatingRequiredFieldsPage" time="7.544" classname="testscripts.SF.RegressionTestScripts.TC_SF_ABAMERBrokerContactsPopulatingRequiredFieldsPage"/>
</testsuite> <!-- testscripts.SF.RegressionTestScripts.TC_SF_ABAMERBrokerContactsPopulatingRequiredFieldsPage -->
