<?xml version="1.0" encoding="UTF-8"?>
<!-- Generated by org.testng.reporters.JUnitReportReporter -->
<testsuite hostname="TX717-4441WGD" name="testscripts.SF.SmokeTestScripts.TC_SF_OBAMERBrokerAddPrivateNoteLead" tests="1" failures="0" timestamp="12 Sep 2017 19:16:07 GMT" time="82.319" errors="0">
  <testcase name="runTC_SF_OBAMERBrokerAddPrivateNoteLead" time="82.319" classname="testscripts.SF.SmokeTestScripts.TC_SF_OBAMERBrokerAddPrivateNoteLead"/>
</testsuite> <!-- testscripts.SF.SmokeTestScripts.TC_SF_OBAMERBrokerAddPrivateNoteLead -->
