<?xml version="1.0" encoding="UTF-8"?>
<!-- Generated by org.testng.reporters.JUnitReportReporter -->
<testsuite hostname="TX717-4441WGD" name="testscripts.SF.SmokeTest_Manager.TC_SF_ManagerLogin" tests="1" failures="0" timestamp="12 Apr 2017 15:45:06 GMT" time="60.631" errors="0">
  <testcase name="runTC_SF_ManagerLogin" time="60.631" classname="testscripts.SF.SmokeTest_Manager.TC_SF_ManagerLogin"/>
</testsuite> <!-- testscripts.SF.SmokeTest_Manager.TC_SF_ManagerLogin -->
