<?xml version="1.0" encoding="UTF-8"?>
<!-- Generated by org.testng.reporters.JUnitReportReporter -->
<testsuite hostname="TX717-4441WGD" name="testscripts.SF.Release37TestScripts.TC_SF_OBAMERBrokerOpportunitiesVerifyingSpecialityGroupField" tests="1" failures="0" timestamp="12 Jun 2017 22:02:49 GMT" time="137.866" errors="0">
  <testcase name="runTC_SF_OBAMERBrokerOpportunitiesVerifyingSpecialityGroupField" time="137.866" classname="testscripts.SF.Release37TestScripts.TC_SF_OBAMERBrokerOpportunitiesVerifyingSpecialityGroupField"/>
</testsuite> <!-- testscripts.SF.Release37TestScripts.TC_SF_OBAMERBrokerOpportunitiesVerifyingSpecialityGroupField -->
