<?xml version="1.0" encoding="UTF-8"?>
<!-- Generated by org.testng.reporters.JUnitReportReporter -->
<testsuite hostname="TX717-4441WGD" name="testscripts.SF.RegressionTestScriptsOpp.TC_SF_ABAPACBrokerOpportunitySharing" tests="1" failures="0" timestamp="6 Sep 2017 18:15:26 GMT" time="49.707" errors="0">
  <testcase name="runTC_SF_ABAPACBrokerOpportunitySharing" time="49.707" classname="testscripts.SF.RegressionTestScriptsOpp.TC_SF_ABAPACBrokerOpportunitySharing"/>
</testsuite> <!-- testscripts.SF.RegressionTestScriptsOpp.TC_SF_ABAPACBrokerOpportunitySharing -->
