<?xml version="1.0" encoding="UTF-8"?>
<!-- Generated by org.testng.reporters.JUnitReportReporter -->
<testsuite hostname="TX590-5R10QN2" name="testscripts.SF.RegressionTestScripts.TC_SF_ABAMERBrokerLeadsVerifyNewCustomPage" tests="1" failures="0" timestamp="10 May 2018 18:10:30 GMT" time="96.056" errors="0">
  <testcase name="runTC_SF_ABAMERBrokerLeadsVerifyCustomPage" time="96.056" classname="testscripts.SF.RegressionTestScripts.TC_SF_ABAMERBrokerLeadsVerifyNewCustomPage"/>
</testsuite> <!-- testscripts.SF.RegressionTestScripts.TC_SF_ABAMERBrokerLeadsVerifyNewCustomPage -->
