<?xml version="1.0" encoding="UTF-8"?>
<!-- Generated by org.testng.reporters.JUnitReportReporter -->
<testsuite hostname="TX717-4441WGD" name="testscripts.SF.RegressionTestScripts.TC_SF_CMAMERCSSContactsPopulatingAllFields" tests="1" failures="0" timestamp="8 Sep 2017 17:21:04 GMT" time="110.996" errors="0">
  <testcase name="runTC_SF_CMAMERCSSContactsPopulatingAllFields" time="110.996" classname="testscripts.SF.RegressionTestScripts.TC_SF_CMAMERCSSContactsPopulatingAllFields"/>
</testsuite> <!-- testscripts.SF.RegressionTestScripts.TC_SF_CMAMERCSSContactsPopulatingAllFields -->
