<?xml version="1.0" encoding="UTF-8"?>
<!-- Generated by org.testng.reporters.JUnitReportReporter -->
<testsuite hostname="TX717-4441WGD" name="testscripts.SF.Release37TestScripts.TC_SF_DAEMEADataAreaOfOperationsAccountCreation" tests="1" failures="0" timestamp="8 Sep 2017 17:21:03 GMT" time="44.101" errors="0">
  <testcase name="runTC_SF_DAEMEADataAreaOfOperationsAccountCreation" time="44.101" classname="testscripts.SF.Release37TestScripts.TC_SF_DAEMEADataAreaOfOperationsAccountCreation"/>
</testsuite> <!-- testscripts.SF.Release37TestScripts.TC_SF_DAEMEADataAreaOfOperationsAccountCreation -->
