<?xml version="1.0" encoding="UTF-8"?>
<!-- Generated by org.testng.reporters.JUnitReportReporter -->
<testsuite hostname="TX717-4441WGD" name="testscripts.SF.RegressionTestScriptsOpp.TC_SF_ABEMEAManagerDefaultLandingPage" tests="1" failures="0" timestamp="15 Jun 2017 15:43:09 GMT" time="22.100" errors="0">
  <testcase name="runTC_SF_ABEMEAManagerDefaultLandingPage" time="22.100" classname="testscripts.SF.RegressionTestScriptsOpp.TC_SF_ABEMEAManagerDefaultLandingPage"/>
</testsuite> <!-- testscripts.SF.RegressionTestScriptsOpp.TC_SF_ABEMEAManagerDefaultLandingPage -->
