<?xml version="1.0" encoding="UTF-8"?>
<!-- Generated by org.testng.reporters.JUnitReportReporter -->
<testsuite hostname="TX604-7235QTD" name="testscripts.SF.RegressionTestScripts.TC_SF_ABAMERManagerOpportunitiesNewCustomEventPage" tests="1" failures="0" timestamp="19 Mar 2018 04:17:48 GMT" time="47.183" errors="0">
  <testcase name="runTC_SF_ABAMERManagerOpportunitiesNewCustomEventPage" time="47.183" classname="testscripts.SF.RegressionTestScripts.TC_SF_ABAMERManagerOpportunitiesNewCustomEventPage"/>
</testsuite> <!-- testscripts.SF.RegressionTestScripts.TC_SF_ABAMERManagerOpportunitiesNewCustomEventPage -->
