<?xml version="1.0" encoding="UTF-8"?>
<!-- Generated by org.testng.reporters.JUnitReportReporter -->
<testsuite hostname="TX717-4441WGD" name="testscripts.SF.RegressionTestScriptsOpp.TC_SF_OBAMERBrokerEstimatedGrossFeeCommission" tests="1" failures="0" timestamp="13 Jun 2017 21:08:37 GMT" time="165.327" errors="0">
  <testcase name="runTC_SF_OBAMERBrokerEstimatedGrossFeeCommission" time="165.327" classname="testscripts.SF.RegressionTestScriptsOpp.TC_SF_OBAMERBrokerEstimatedGrossFeeCommission"/>
</testsuite> <!-- testscripts.SF.RegressionTestScriptsOpp.TC_SF_OBAMERBrokerEstimatedGrossFeeCommission -->
