<?xml version="1.0" encoding="UTF-8"?>
<!-- Generated by org.testng.reporters.JUnitReportReporter -->
<testsuite hostname="TX717-4441WGD" name="testscripts.SF.Release38TestScripts.TC_SF_OBAPACBrokerOpportunitiesPingValue" tests="1" failures="0" timestamp="8 Sep 2017 17:21:03 GMT" time="53.590" errors="0">
  <testcase name="runTC_SF_OBAPACBrokerOpportunitiesPingValue" time="53.590" classname="testscripts.SF.Release38TestScripts.TC_SF_OBAPACBrokerOpportunitiesPingValue"/>
</testsuite> <!-- testscripts.SF.Release38TestScripts.TC_SF_OBAPACBrokerOpportunitiesPingValue -->
