<?xml version="1.0" encoding="UTF-8"?>
<!-- Generated by org.testng.reporters.JUnitReportReporter -->
<testsuite hostname="TX717-4441WGD" name="testscripts.SF.Release37TestScripts.TC_SF_ASAPACBrokerAdditionalActivityTypes" tests="1" failures="1" timestamp="8 Sep 2017 17:21:04 GMT" time="36.085" errors="0">
  <testcase name="runTC_SF_ASAPACBrokerAdditionalActivityTypes" time="36.085" classname="testscripts.SF.Release37TestScripts.TC_SF_ASAPACBrokerAdditionalActivityTypes">
    <failure type="java.lang.AssertionError" message="All the values are not present under Additional Activity List">
      <![CDATA[java.lang.AssertionError: All the values are not present under Additional Activity List
	at org.testng.Assert.fail(Assert.java:94)
	at com.cognizant.Craft.CRAFTTestCase.tearDownTestRunner(CRAFTTestCase.java:105)
	at testscripts.SF.Release37TestScripts.TC_SF_ASAPACBrokerAdditionalActivityTypes.runTC_SF_ASAPACBrokerAdditionalActivityTypes(TC_SF_ASAPACBrokerAdditionalActivityTypes.java:34)
	at sun.reflect.NativeMethodAccessorImpl.invoke0(Native Method)
	at sun.reflect.NativeMethodAccessorImpl.invoke(NativeMethodAccessorImpl.java:62)
	at sun.reflect.DelegatingMethodAccessorImpl.invoke(DelegatingMethodAccessorImpl.java:43)
	at java.lang.reflect.Method.invoke(Method.java:498)
	at org.testng.internal.MethodInvocationHelper.invokeMethod(MethodInvocationHelper.java:86)
	at org.testng.internal.Invoker.invokeMethod(Invoker.java:643)
	at org.testng.internal.Invoker.invokeTestMethod(Invoker.java:820)
	at org.testng.internal.Invoker.invokeTestMethods(Invoker.java:1128)
	at org.testng.internal.TestMethodWorker.invokeTestMethods(TestMethodWorker.java:129)
	at org.testng.internal.TestMethodWorker.run(TestMethodWorker.java:112)
	at java.util.concurrent.ThreadPoolExecutor.runWorker(ThreadPoolExecutor.java:1142)
	at java.util.concurrent.ThreadPoolExecutor$Worker.run(ThreadPoolExecutor.java:617)
	at java.lang.Thread.run(Thread.java:745)
]]>
    </failure>
  </testcase> <!-- runTC_SF_ASAPACBrokerAdditionalActivityTypes -->
</testsuite> <!-- testscripts.SF.Release37TestScripts.TC_SF_ASAPACBrokerAdditionalActivityTypes -->
