<?xml version="1.0" encoding="UTF-8"?>
<!-- Generated by org.testng.reporters.JUnitReportReporter -->
<testsuite hostname="TX717-4441WGD" name="testscripts.SF.Release37TestScripts.TC_SF_ABEMEACSSActiveOpportunities" tests="1" failures="0" timestamp="13 Jun 2017 20:52:10 GMT" time="71.324" errors="0">
  <testcase name="runTC_SF_ABEMEACSSActiveOpportunities" time="71.324" classname="testscripts.SF.Release37TestScripts.TC_SF_ABEMEACSSActiveOpportunities"/>
</testsuite> <!-- testscripts.SF.Release37TestScripts.TC_SF_ABEMEACSSActiveOpportunities -->
