<?xml version="1.0" encoding="UTF-8"?>
<!-- Generated by org.testng.reporters.JUnitReportReporter -->
<testsuite hostname="TX717-4441WGD" name="testscripts.SF.RegressionTestScriptsOpp.TC_SF_CMAMERBrokerPSDefaultSalesPhaseField" tests="1" failures="0" timestamp="12 Sep 2017 19:58:31 GMT" time="83.939" errors="0">
  <testcase name="runTC_SF_CMAMERBrokerPSDefaultSalesPhaseField" time="83.939" classname="testscripts.SF.RegressionTestScriptsOpp.TC_SF_CMAMERBrokerPSDefaultSalesPhaseField"/>
</testsuite> <!-- testscripts.SF.RegressionTestScriptsOpp.TC_SF_CMAMERBrokerPSDefaultSalesPhaseField -->
