<?xml version="1.0" encoding="UTF-8"?>
<!-- Generated by org.testng.reporters.JUnitReportReporter -->
<testsuite hostname="TX717-4441WGD" name="testscripts.SF.RegressionTestScripts.TC_SF_OBAMERManagerAccountsCustomActivityTimeline" tests="1" failures="0" timestamp="8 Sep 2017 17:21:04 GMT" time="105.714" errors="0">
  <testcase name="runTC_SF_OBAMERManagerAccountsCustomActivityTimeline" time="105.714" classname="testscripts.SF.RegressionTestScripts.TC_SF_OBAMERManagerAccountsCustomActivityTimeline"/>
</testsuite> <!-- testscripts.SF.RegressionTestScripts.TC_SF_OBAMERManagerAccountsCustomActivityTimeline -->
