<?xml version="1.0" encoding="UTF-8"?>
<!-- Generated by org.testng.reporters.JUnitReportReporter -->
<testsuite hostname="TX604-7235QTD" name="testscripts.SF.SmokeTestScripts.TC_SF_OBAMERBrokerNewContactPageLayout" tests="1" failures="0" timestamp="19 Mar 2018 04:17:47 GMT" time="26.952" errors="0">
  <testcase name="runTC_SF_OBAMERBrokerNewContactPageLayout" time="26.952" classname="testscripts.SF.SmokeTestScripts.TC_SF_OBAMERBrokerNewContactPageLayout"/>
</testsuite> <!-- testscripts.SF.SmokeTestScripts.TC_SF_OBAMERBrokerNewContactPageLayout -->
