<?xml version="1.0" encoding="UTF-8"?>
<!-- Generated by org.testng.reporters.JUnitReportReporter -->
<testsuite hostname="TX604-7235QTD" name="testscripts.SF.RegressionTestScriptsOpp.TC_SF_ABAPACManagerDefaultLandingPage" tests="1" failures="0" timestamp="19 Mar 2018 04:17:47 GMT" time="29.931" errors="0">
  <testcase name="runTC_SF_ABAPACManagerDefaultLandingPage" time="29.931" classname="testscripts.SF.RegressionTestScriptsOpp.TC_SF_ABAPACManagerDefaultLandingPage"/>
</testsuite> <!-- testscripts.SF.RegressionTestScriptsOpp.TC_SF_ABAPACManagerDefaultLandingPage -->
