<?xml version="1.0" encoding="UTF-8"?>
<!-- Generated by org.testng.reporters.JUnitReportReporter -->
<testsuite hostname="TX604-7235QTD" name="testscripts.SF.SmokeTestScripts.TC_SF_OBAMERAdminRequiredFieldsOnSalesStage03_05" tests="1" failures="0" timestamp="19 Mar 2018 04:17:48 GMT" time="23.285" errors="0">
  <testcase name="runTC_SF_OBAMERAdminRequiredFieldsOnSalesStage03_05" time="23.285" classname="testscripts.SF.SmokeTestScripts.TC_SF_OBAMERAdminRequiredFieldsOnSalesStage03_05"/>
</testsuite> <!-- testscripts.SF.SmokeTestScripts.TC_SF_OBAMERAdminRequiredFieldsOnSalesStage03_05 -->
