<?xml version="1.0" encoding="UTF-8"?>
<!-- Generated by org.testng.reporters.JUnitReportReporter -->
<testsuite hostname="TX590-5R10QN2" name="testscripts.SF.RegressionTestScripts.TC_SF_OBAMERBrokerContactsPopulatingAllFields" tests="1" failures="0" timestamp="17 Jul 2018 16:52:27 GMT" time="2.225" errors="0">
  <testcase name="runTC_SF_OBAMERBrokerContactsPopulatingAllFields" time="2.225" classname="testscripts.SF.RegressionTestScripts.TC_SF_OBAMERBrokerContactsPopulatingAllFields"/>
</testsuite> <!-- testscripts.SF.RegressionTestScripts.TC_SF_OBAMERBrokerContactsPopulatingAllFields -->
