<?xml version="1.0" encoding="UTF-8"?>
<!-- Generated by org.testng.reporters.JUnitReportReporter -->
<testsuite hostname="TX604-7235QTD" name="testscripts.SF.RegressionTestScripts.TC_SF_OBAMERManagerOpportunitiesNewCustomEventPage" tests="1" failures="0" timestamp="19 Mar 2018 04:17:49 GMT" time="56.930" errors="0">
  <testcase name="runTC_SF_OBAMERManagerOpportunitiesNewCustomEventPage" time="56.930" classname="testscripts.SF.RegressionTestScripts.TC_SF_OBAMERManagerOpportunitiesNewCustomEventPage"/>
</testsuite> <!-- testscripts.SF.RegressionTestScripts.TC_SF_OBAMERManagerOpportunitiesNewCustomEventPage -->
