<?xml version="1.0" encoding="UTF-8"?>
<!-- Generated by org.testng.reporters.JUnitReportReporter -->
<testsuite hostname="TX717-4441WGD" name="testscripts.SF.RegressionTestScripts.TC_SF_ABAMERManagerAccountsCustomActivityTimeline" tests="1" failures="0" timestamp="8 Sep 2017 17:21:04 GMT" time="109.544" errors="0">
  <testcase name="runTC_SF_ABAMERManagerAccountsCustomActivityTimeline" time="109.544" classname="testscripts.SF.RegressionTestScripts.TC_SF_ABAMERManagerAccountsCustomActivityTimeline"/>
</testsuite> <!-- testscripts.SF.RegressionTestScripts.TC_SF_ABAMERManagerAccountsCustomActivityTimeline -->
