<?xml version="1.0" encoding="UTF-8"?>
<!-- Generated by org.testng.reporters.JUnitReportReporter -->
<testsuite hostname="TX604-7235QTD" name="testscripts.SF.SmokeTestScripts.TC_SF_OBAMERBrokerActivityLightningTimeline" tests="1" failures="1" timestamp="19 Mar 2018 04:17:48 GMT" time="149.971" errors="0">
  <testcase name="runTC_SF_OBAMERBrokerActivityLightningTimeline" time="149.971" classname="testscripts.SF.SmokeTestScripts.TC_SF_OBAMERBrokerActivityLightningTimeline">
    <failure type="java.lang.AssertionError" message="All the values are not present under Acitivty Timeline">
      <![CDATA[java.lang.AssertionError: All the values are not present under Acitivty Timeline
	at org.testng.Assert.fail(Assert.java:94)
	at com.cognizant.Craft.CRAFTTestCase.tearDownTestRunner(CRAFTTestCase.java:149)
	at testscripts.SF.SmokeTestScripts.TC_SF_OBAMERBrokerActivityLightningTimeline.runTC_SF_OBAMERBrokerActivityLightningTimeline(TC_SF_OBAMERBrokerActivityLightningTimeline.java:34)
	at sun.reflect.NativeMethodAccessorImpl.invoke0(Native Method)
	at sun.reflect.NativeMethodAccessorImpl.invoke(Unknown Source)
	at sun.reflect.DelegatingMethodAccessorImpl.invoke(Unknown Source)
	at java.lang.reflect.Method.invoke(Unknown Source)
	at org.testng.internal.MethodInvocationHelper.invokeMethod(MethodInvocationHelper.java:86)
	at org.testng.internal.Invoker.invokeMethod(Invoker.java:643)
	at org.testng.internal.Invoker.invokeTestMethod(Invoker.java:820)
	at org.testng.internal.Invoker.invokeTestMethods(Invoker.java:1128)
	at org.testng.internal.TestMethodWorker.invokeTestMethods(TestMethodWorker.java:129)
	at org.testng.internal.TestMethodWorker.run(TestMethodWorker.java:112)
	at java.util.concurrent.ThreadPoolExecutor.runWorker(Unknown Source)
	at java.util.concurrent.ThreadPoolExecutor$Worker.run(Unknown Source)
	at java.lang.Thread.run(Unknown Source)
]]>
    </failure>
  </testcase> <!-- runTC_SF_OBAMERBrokerActivityLightningTimeline -->
</testsuite> <!-- testscripts.SF.SmokeTestScripts.TC_SF_OBAMERBrokerActivityLightningTimeline -->
