<?xml version="1.0" encoding="UTF-8"?>
<!-- Generated by org.testng.reporters.JUnitReportReporter -->
<testsuite hostname="TX604-7235QTD" name="testscripts.SF.RegressionTestScriptsOpp.TC_SF_OBAMERManagerEditPaidInstallment" tests="1" failures="0" timestamp="19 Mar 2018 15:05:10 GMT" time="138.218" errors="0">
  <testcase name="runTC_SF_OBAMERManagerEditPaidInstallment" time="138.218" classname="testscripts.SF.RegressionTestScriptsOpp.TC_SF_OBAMERManagerEditPaidInstallment"/>
</testsuite> <!-- testscripts.SF.RegressionTestScriptsOpp.TC_SF_OBAMERManagerEditPaidInstallment -->
