<?xml version="1.0" encoding="UTF-8"?>
<!-- Generated by org.testng.reporters.JUnitReportReporter -->
<testsuite hostname="TX717-4441WGD" name="testscripts.SF.RegressionTestScripts.TC_SF_ABAMERManagerPropertiesVerifyCustomEventPage" tests="1" failures="0" timestamp="14 Jun 2017 22:15:54 GMT" time="97.740" errors="0">
  <testcase name="runTC_SF_ABAMERManagerPropertiesVerifyCustomEventPage" time="97.740" classname="testscripts.SF.RegressionTestScripts.TC_SF_ABAMERManagerPropertiesVerifyCustomEventPage"/>
</testsuite> <!-- testscripts.SF.RegressionTestScripts.TC_SF_ABAMERManagerPropertiesVerifyCustomEventPage -->
