<?xml version="1.0" encoding="UTF-8"?>
<!-- Generated by org.testng.reporters.JUnitReportReporter -->
<testsuite hostname="TX604-7235QTD" name="testscripts.SF.Release37TestScripts.TC_SF_OBEMEABrokerContactsHyperlink" tests="1" failures="0" timestamp="19 Mar 2018 04:17:48 GMT" time="76.671" errors="0">
  <testcase name="runTC_SF_OBEMEABrokerContactsHyperlink" time="76.671" classname="testscripts.SF.Release37TestScripts.TC_SF_OBEMEABrokerContactsHyperlink"/>
</testsuite> <!-- testscripts.SF.Release37TestScripts.TC_SF_OBEMEABrokerContactsHyperlink -->
