<?xml version="1.0" encoding="UTF-8"?>
<!-- Generated by org.testng.reporters.JUnitReportReporter -->
<testsuite hostname="TX717-4441WGD" name="testscripts.SF.RegressionTestScriptsOpp.TC_SF_ABAMERBrokerMultipleInstallmentsUnEvenPercent" tests="1" failures="0" timestamp="12 Sep 2017 18:56:20 GMT" time="135.583" errors="0">
  <testcase name="runTC_SF_ABAMERBrokerMultipleInstallmentsUnEvenPercent" time="135.583" classname="testscripts.SF.RegressionTestScriptsOpp.TC_SF_ABAMERBrokerMultipleInstallmentsUnEvenPercent"/>
</testsuite> <!-- testscripts.SF.RegressionTestScriptsOpp.TC_SF_ABAMERBrokerMultipleInstallmentsUnEvenPercent -->
