<?xml version="1.0" encoding="UTF-8"?>
<!-- Generated by org.testng.reporters.JUnitReportReporter -->
<testsuite hostname="TX717-4441WGD" name="testscripts.SF.RegressionTestScriptsOpp.TC_SF_OBAMERManagerEditPaidInstallment" tests="1" failures="0" timestamp="13 Jun 2017 20:01:36 GMT" time="93.118" errors="0">
  <testcase name="runTC_SF_OBAMERManagerEditPaidInstallment" time="93.118" classname="testscripts.SF.RegressionTestScriptsOpp.TC_SF_OBAMERManagerEditPaidInstallment"/>
</testsuite> <!-- testscripts.SF.RegressionTestScriptsOpp.TC_SF_OBAMERManagerEditPaidInstallment -->
