<?xml version="1.0" encoding="UTF-8"?>
<!-- Generated by org.testng.reporters.JUnitReportReporter -->
<testsuite hostname="TX604-7235QTD" name="testscripts.SF.RegressionTestScriptsOpp.TC_SF_GWSAPACBrokerStage06PhaseProbability" tests="1" failures="0" timestamp="19 Mar 2018 15:05:10 GMT" time="47.638" errors="0">
  <testcase name="runTC_SF_GWSAPACBrokerStage06PhaseProbability" time="47.638" classname="testscripts.SF.RegressionTestScriptsOpp.TC_SF_GWSAPACBrokerStage06PhaseProbability"/>
</testsuite> <!-- testscripts.SF.RegressionTestScriptsOpp.TC_SF_GWSAPACBrokerStage06PhaseProbability -->
