<?xml version="1.0" encoding="UTF-8"?>
<!-- Generated by org.testng.reporters.JUnitReportReporter -->
<testsuite hostname="TX717-4441WGD" name="testscripts.SF.RegressionTestScriptsOpp.TC_SF_CMEMACSSDSFOpportunityNameAutoGenerate" tests="1" failures="0" timestamp="31 Aug 2017 18:35:59 GMT" time="78.504" errors="0">
  <testcase name="runTC_SF_CMEMACSSDSFOpportunityNameAutoGenerate" time="78.504" classname="testscripts.SF.RegressionTestScriptsOpp.TC_SF_CMEMACSSDSFOpportunityNameAutoGenerate"/>
</testsuite> <!-- testscripts.SF.RegressionTestScriptsOpp.TC_SF_CMEMACSSDSFOpportunityNameAutoGenerate -->
