<?xml version="1.0" encoding="UTF-8"?>
<!-- Generated by org.testng.reporters.JUnitReportReporter -->
<testsuite hostname="TX717-4441WGD" name="testscripts.SF.RegressionTestScripts.TC_SF_CMAMERBrokerPropertiesVerifyCustomEventPage" tests="1" failures="1" timestamp="1 Sep 2017 19:50:50 GMT" time="80.325" errors="0">
  <testcase name="runTC_SF_CMAMERBrokerPropertiesVerifyCustomEventPage" time="80.325" classname="testscripts.SF.RegressionTestScripts.TC_SF_CMAMERBrokerPropertiesVerifyCustomEventPage">
    <failure type="java.lang.AssertionError" message="All fields are not present in the Property Summary section">
      <![CDATA[java.lang.AssertionError: All fields are not present in the Property Summary section
	at org.testng.Assert.fail(Assert.java:94)
	at com.cognizant.Craft.CRAFTTestCase.tearDownTestRunner(CRAFTTestCase.java:105)
	at testscripts.SF.RegressionTestScripts.TC_SF_CMAMERBrokerPropertiesVerifyCustomEventPage.runTC_SF_CMAMERBrokerPropertiesVerifyCustomEventPage(TC_SF_CMAMERBrokerPropertiesVerifyCustomEventPage.java:35)
	at sun.reflect.NativeMethodAccessorImpl.invoke0(Native Method)
	at sun.reflect.NativeMethodAccessorImpl.invoke(NativeMethodAccessorImpl.java:62)
	at sun.reflect.DelegatingMethodAccessorImpl.invoke(DelegatingMethodAccessorImpl.java:43)
	at java.lang.reflect.Method.invoke(Method.java:498)
	at org.testng.internal.MethodInvocationHelper.invokeMethod(MethodInvocationHelper.java:86)
	at org.testng.internal.Invoker.invokeMethod(Invoker.java:643)
	at org.testng.internal.Invoker.invokeTestMethod(Invoker.java:820)
	at org.testng.internal.Invoker.invokeTestMethods(Invoker.java:1128)
	at org.testng.internal.TestMethodWorker.invokeTestMethods(TestMethodWorker.java:129)
	at org.testng.internal.TestMethodWorker.run(TestMethodWorker.java:112)
	at java.util.concurrent.ThreadPoolExecutor.runWorker(ThreadPoolExecutor.java:1142)
	at java.util.concurrent.ThreadPoolExecutor$Worker.run(ThreadPoolExecutor.java:617)
	at java.lang.Thread.run(Thread.java:745)
]]>
    </failure>
  </testcase> <!-- runTC_SF_CMAMERBrokerPropertiesVerifyCustomEventPage -->
</testsuite> <!-- testscripts.SF.RegressionTestScripts.TC_SF_CMAMERBrokerPropertiesVerifyCustomEventPage -->
