<?xml version="1.0" encoding="UTF-8"?>
<!-- Generated by org.testng.reporters.JUnitReportReporter -->
<testsuite hostname="TX717-4441WGD" name="testscripts.SF.RegressionTestScripts.TC_SF_CMAMERBrokerPropertiesNewActivityLayoutPage" tests="1" failures="0" timestamp="8 Sep 2017 17:21:04 GMT" time="62.712" errors="0">
  <testcase name="runTC_SF_CMAMERBrokerPropertiesNewActivityLayoutPage" time="62.712" classname="testscripts.SF.RegressionTestScripts.TC_SF_CMAMERBrokerPropertiesNewActivityLayoutPage"/>
</testsuite> <!-- testscripts.SF.RegressionTestScripts.TC_SF_CMAMERBrokerPropertiesNewActivityLayoutPage -->
