<?xml version="1.0" encoding="UTF-8"?>
<!-- Generated by org.testng.reporters.JUnitReportReporter -->
<testsuite hostname="TX590-5R10QN2" name="testscripts.SF.RegressionTestScripts.TC_SF_ABAMERBrokerPrivateNoteSharing" tests="1" failures="0" timestamp="10 May 2018 18:49:11 GMT" time="82.505" errors="0">
  <testcase name="runTC_SF_ABAMERBrokerPrivateNoteSharing" time="82.505" classname="testscripts.SF.RegressionTestScripts.TC_SF_ABAMERBrokerPrivateNoteSharing"/>
</testsuite> <!-- testscripts.SF.RegressionTestScripts.TC_SF_ABAMERBrokerPrivateNoteSharing -->
