<?xml version="1.0" encoding="UTF-8"?>
<!-- Generated by org.testng.reporters.JUnitReportReporter -->
<testsuite hostname="TX604-7235QTD" name="testscripts.SF.RegressionTestScripts.TC_SF_OBAMERBrokerAccountsAddPrivateNote" tests="1" failures="0" timestamp="19 Mar 2018 04:17:48 GMT" time="44.243" errors="0">
  <testcase name="runTC_SF_OBAMERBrokerAccountsAddPrivateNote" time="44.243" classname="testscripts.SF.RegressionTestScripts.TC_SF_OBAMERBrokerAccountsAddPrivateNote"/>
</testsuite> <!-- testscripts.SF.RegressionTestScripts.TC_SF_OBAMERBrokerAccountsAddPrivateNote -->
