<?xml version="1.0" encoding="UTF-8"?>
<!-- Generated by org.testng.reporters.JUnitReportReporter -->
<testsuite hostname="TX717-4441WGD" name="testscripts.SF.RegressionTestScripts.TC_SF_CMAMERCSSAccountsCreationOfNewActivityPage" tests="1" failures="0" timestamp="12 Sep 2017 18:56:20 GMT" time="117.454" errors="0">
  <testcase name="runTC_SF_CMAPACCSSAccountsCreationOfNewActivityPage" time="117.454" classname="testscripts.SF.RegressionTestScripts.TC_SF_CMAMERCSSAccountsCreationOfNewActivityPage"/>
</testsuite> <!-- testscripts.SF.RegressionTestScripts.TC_SF_CMAMERCSSAccountsCreationOfNewActivityPage -->
