<?xml version="1.0" encoding="UTF-8"?>
<!-- Generated by org.testng.reporters.JUnitReportReporter -->
<testsuite hostname="TX717-4441WGD" name="testscripts.SF.RegressionTestScripts.TC_SF_ABAMERAdminOpportunitySplitFunctionalityPage" tests="1" failures="0" timestamp="14 Jun 2017 16:05:54 GMT" time="305.979" errors="0">
  <testcase name="runTC_SF_ABAMERAdminOpportunitySplitFunctionalityPage" time="305.979" classname="testscripts.SF.RegressionTestScripts.TC_SF_ABAMERAdminOpportunitySplitFunctionalityPage"/>
</testsuite> <!-- testscripts.SF.RegressionTestScripts.TC_SF_ABAMERAdminOpportunitySplitFunctionalityPage -->
