<?xml version="1.0" encoding="UTF-8"?>
<!-- Generated by org.testng.reporters.JUnitReportReporter -->
<testsuite hostname="TX717-4441WGD" name="testscripts.SF.SmokeTestScripts.TC_SF_OBAMERAdminOpportunitySharing" tests="1" failures="0" timestamp="6 Sep 2017 18:10:15 GMT" time="54.200" errors="0">
  <testcase name="runTC_SF_OBAMERAdminOpportunitySharing" time="54.200" classname="testscripts.SF.SmokeTestScripts.TC_SF_OBAMERAdminOpportunitySharing"/>
</testsuite> <!-- testscripts.SF.SmokeTestScripts.TC_SF_OBAMERAdminOpportunitySharing -->
