<?xml version="1.0" encoding="UTF-8"?>
<!-- Generated by org.testng.reporters.JUnitReportReporter -->
<testsuite hostname="TX717-4441WGD" name="testscripts.SF.RegressionTestScripts.TC_SF_ABAMERManagerLeadsVerifyCreateLead" tests="1" failures="0" timestamp="12 Sep 2017 20:02:24 GMT" time="62.368" errors="0">
  <testcase name="runTC_SF_ABAMERManagerLeadsVerifyCreateLead" time="62.368" classname="testscripts.SF.RegressionTestScripts.TC_SF_ABAMERManagerLeadsVerifyCreateLead"/>
</testsuite> <!-- testscripts.SF.RegressionTestScripts.TC_SF_ABAMERManagerLeadsVerifyCreateLead -->
