<?xml version="1.0" encoding="UTF-8"?>
<!-- Generated by org.testng.reporters.JUnitReportReporter -->
<testsuite hostname="TX717-4441WGD" name="testscripts.SF.RegressionTestScriptsOpp.TC_SF_OBAMERManagerRecalculateRoundOffRule" tests="1" failures="0" timestamp="11 Sep 2017 19:32:29 GMT" time="98.467" errors="0">
  <testcase name="runTC_SF_OBAMERManagerRecalculateRoundOffRule" time="98.467" classname="testscripts.SF.RegressionTestScriptsOpp.TC_SF_OBAMERManagerRecalculateRoundOffRule"/>
</testsuite> <!-- testscripts.SF.RegressionTestScriptsOpp.TC_SF_OBAMERManagerRecalculateRoundOffRule -->
