<?xml version="1.0" encoding="UTF-8"?>
<!-- Generated by org.testng.reporters.JUnitReportReporter -->
<testsuite hostname="TX604-7235QTD" name="testscripts.SF.RegressionTestScripts.TC_SF_OBAMERManagerLeadsConvertPageWithEmail" tests="1" failures="0" timestamp="19 Mar 2018 04:17:48 GMT" time="10.635" errors="0">
  <testcase name="runTC_SF_OBAMERManagerLeadsConvertPageWithEmail" time="10.635" classname="testscripts.SF.RegressionTestScripts.TC_SF_OBAMERManagerLeadsConvertPageWithEmail"/>
</testsuite> <!-- testscripts.SF.RegressionTestScripts.TC_SF_OBAMERManagerLeadsConvertPageWithEmail -->
