<?xml version="1.0" encoding="UTF-8"?>
<!-- Generated by org.testng.reporters.JUnitReportReporter -->
<testsuite hostname="TX717-4441WGD" name="testscripts.SF.SmokeTestScripts.TC_SF_OBAMERBrokerNewOpportunityPageLayout" tests="1" failures="0" timestamp="15 Jun 2017 19:06:40 GMT" time="323.704" errors="0">
  <testcase name="runTC_SF_OBAMERBrokerNewOpportunityPageLayout" time="323.704" classname="testscripts.SF.SmokeTestScripts.TC_SF_OBAMERBrokerNewOpportunityPageLayout"/>
</testsuite> <!-- testscripts.SF.SmokeTestScripts.TC_SF_OBAMERBrokerNewOpportunityPageLayout -->
