<?xml version="1.0" encoding="UTF-8"?>
<!-- Generated by org.testng.reporters.JUnitReportReporter -->
<testsuite hostname="TX717-4441WGD" name="testscripts.SF.SmokeTestScripts.TC_SF_OBNewAccountPageLayout" tests="1" failures="0" timestamp="19 Apr 2017 14:46:25 GMT" time="55.847" errors="0">
  <testcase name="runTC_SF_OBNewAccountPageLayout" time="55.847" classname="testscripts.SF.SmokeTestScripts.TC_SF_OBNewAccountPageLayout"/>
</testsuite> <!-- testscripts.SF.SmokeTestScripts.TC_SF_OBNewAccountPageLayout -->
