<?xml version="1.0" encoding="UTF-8"?>
<!-- Generated by org.testng.reporters.JUnitReportReporter -->
<testsuite hostname="TX717-4441WGD" name="testscripts.SF.RegressionTestScripts.TC_SF_OBEMEABrokerAccountsPopulatingAllFields" tests="1" failures="0" timestamp="8 Sep 2017 17:21:04 GMT" time="140.144" errors="0">
  <testcase name="runTC_SF_OBEMEABrokerAccountsPopulatingAllFields" time="140.144" classname="testscripts.SF.RegressionTestScripts.TC_SF_OBEMEABrokerAccountsPopulatingAllFields"/>
</testsuite> <!-- testscripts.SF.RegressionTestScripts.TC_SF_OBEMEABrokerAccountsPopulatingAllFields -->
