<?xml version="1.0" encoding="UTF-8"?>
<!-- Generated by org.testng.reporters.JUnitReportReporter -->
<testsuite hostname="TX604-7235QTD" name="testscripts.SF.RegressionTestScripts.TC_SF_CMAMERCSSContactsRecordUpdation" tests="1" failures="0" timestamp="19 Mar 2018 04:17:47 GMT" time="64.484" errors="0">
  <testcase name="runTC_SF_CMAMERCSSContactsRecordUpdation" time="64.484" classname="testscripts.SF.RegressionTestScripts.TC_SF_CMAMERCSSContactsRecordUpdation"/>
</testsuite> <!-- testscripts.SF.RegressionTestScripts.TC_SF_CMAMERCSSContactsRecordUpdation -->
