<?xml version="1.0" encoding="UTF-8"?>
<!-- Generated by org.testng.reporters.JUnitReportReporter -->
<testsuite hostname="TX717-4441WGD" name="testscripts.SF.RegressionTestScriptsOpp.TC_SF_ABAMERBrokerRecalculateRoundOffRule" tests="1" failures="0" timestamp="11 Sep 2017 19:29:30 GMT" time="66.218" errors="0">
  <testcase name="runTC_SF_ABAMERBrokerRecalculateRoundOffRule" time="66.218" classname="testscripts.SF.RegressionTestScriptsOpp.TC_SF_ABAMERBrokerRecalculateRoundOffRule"/>
</testsuite> <!-- testscripts.SF.RegressionTestScriptsOpp.TC_SF_ABAMERBrokerRecalculateRoundOffRule -->
