<?xml version="1.0" encoding="UTF-8"?>
<!-- Generated by org.testng.reporters.JUnitReportReporter -->
<testsuite hostname="TX604-7235QTD" name="testscripts.SF.RegressionTestScripts.TC_SF_CMAMERManagerAccountsVerifyDetailsPage" tests="1" failures="0" timestamp="19 Mar 2018 04:17:47 GMT" time="35.234" errors="0">
  <testcase name="runTC_SF_CMAMERManagerAccountsVerifyDetailsPage" time="35.234" classname="testscripts.SF.RegressionTestScripts.TC_SF_CMAMERManagerAccountsVerifyDetailsPage"/>
</testsuite> <!-- testscripts.SF.RegressionTestScripts.TC_SF_CMAMERManagerAccountsVerifyDetailsPage -->
