<?xml version="1.0" encoding="UTF-8"?>
<!-- Generated by org.testng.reporters.JUnitReportReporter -->
<testsuite hostname="TX717-4441WGD" name="testscripts.SF.SmokeTestScripts.TC_SF_OBAMERBrokerAddNewPersonalInformation" tests="1" failures="0" timestamp="8 Sep 2017 17:21:03 GMT" time="96.955" errors="0">
  <testcase name="runTC_SF_OBAMERBrokerAddNewPersonalInformation" time="96.955" classname="testscripts.SF.SmokeTestScripts.TC_SF_OBAMERBrokerAddNewPersonalInformation"/>
</testsuite> <!-- testscripts.SF.SmokeTestScripts.TC_SF_OBAMERBrokerAddNewPersonalInformation -->
