<?xml version="1.0" encoding="UTF-8"?>
<!-- Generated by org.testng.reporters.JUnitReportReporter -->
<testsuite hostname="TX717-4441WGD" name="testscripts.SF.SmokeTestScripts.TC_SF_OBAMERBrokerCloneEditLeadDetailPage" tests="1" failures="0" timestamp="12 Sep 2017 18:56:20 GMT" time="35.584" errors="0">
  <testcase name="runTC_SF_OBAMERBrokerCloneEditLeadDetailPage" time="35.584" classname="testscripts.SF.SmokeTestScripts.TC_SF_OBAMERBrokerCloneEditLeadDetailPage"/>
</testsuite> <!-- testscripts.SF.SmokeTestScripts.TC_SF_OBAMERBrokerCloneEditLeadDetailPage -->
