<?xml version="1.0" encoding="UTF-8"?>
<!-- Generated by org.testng.reporters.JUnitReportReporter -->
<testsuite hostname="TX590-5R10QN2" name="testscripts.SF.RegressionTestScripts.TC_SF_OBAMERManagerLeadsVerifyGreenSpace" tests="1" failures="0" timestamp="16 May 2018 19:08:30 GMT" time="160.987" errors="0">
  <testcase name="runTC_SF_OBAMERManagerLeadsVerifyGreenSpace" time="160.987" classname="testscripts.SF.RegressionTestScripts.TC_SF_OBAMERManagerLeadsVerifyGreenSpace"/>
</testsuite> <!-- testscripts.SF.RegressionTestScripts.TC_SF_OBAMERManagerLeadsVerifyGreenSpace -->
