<?xml version="1.0" encoding="UTF-8"?>
<!-- Generated by org.testng.reporters.JUnitReportReporter -->
<testsuite hostname="TX717-4441WGD" name="testscripts.SF.RegressionTestScriptsOpp.TC_SF_CMAMERBrokerDSFOpportunityNameAutoGenerate" tests="1" failures="0" timestamp="1 Sep 2017 19:50:50 GMT" time="74.005" errors="0">
  <testcase name="runTC_SF_CMAMERBrokerDSFOpportunityNameAutoGenerate" time="74.005" classname="testscripts.SF.RegressionTestScriptsOpp.TC_SF_CMAMERBrokerDSFOpportunityNameAutoGenerate"/>
</testsuite> <!-- testscripts.SF.RegressionTestScriptsOpp.TC_SF_CMAMERBrokerDSFOpportunityNameAutoGenerate -->
