<?xml version="1.0" encoding="UTF-8"?>
<!-- Generated by org.testng.reporters.JUnitReportReporter -->
<testsuite hostname="TX604-7235QTD" name="testscripts.SF.RegressionTestScriptsOpp.TC_SF_ABEMEABrokerRequiredFieldsOnSalesStage03_15" tests="1" failures="0" timestamp="19 Mar 2018 04:17:47 GMT" time="33.381" errors="0">
  <testcase name="runTC_SF_ABEMEABrokerRequiredFieldsOnSalesStage03_15" time="33.381" classname="testscripts.SF.RegressionTestScriptsOpp.TC_SF_ABEMEABrokerRequiredFieldsOnSalesStage03_15"/>
</testsuite> <!-- testscripts.SF.RegressionTestScriptsOpp.TC_SF_ABEMEABrokerRequiredFieldsOnSalesStage03_15 -->
