<?xml version="1.0" encoding="UTF-8"?>
<!-- Generated by org.testng.reporters.JUnitReportReporter -->
<testsuite hostname="TX604-7235QTD" name="testscripts.SF.SmokeTestScripts.TC_SF_OBAMERBrokerLogin" tests="1" failures="0" timestamp="19 Mar 2018 04:17:48 GMT" time="72.726" errors="0">
  <testcase name="runTC_SF_OBAMERBrokerLogin" time="72.726" classname="testscripts.SF.SmokeTestScripts.TC_SF_OBAMERBrokerLogin"/>
</testsuite> <!-- testscripts.SF.SmokeTestScripts.TC_SF_OBAMERBrokerLogin -->
