<?xml version="1.0" encoding="UTF-8"?>
<!-- Generated by org.testng.reporters.JUnitReportReporter -->
<testsuite hostname="TX717-4441WGD" name="testscripts.SF.SmokeTestScripts.TC_SF_OBAccountLookUpNewContactPage" tests="1" failures="0" timestamp="19 Apr 2017 14:34:56 GMT" time="34.970" errors="0">
  <testcase name="runTC_SF_OBAccountLookUpNewContactPage" time="34.970" classname="testscripts.SF.SmokeTestScripts.TC_SF_OBAccountLookUpNewContactPage"/>
</testsuite> <!-- testscripts.SF.SmokeTestScripts.TC_SF_OBAccountLookUpNewContactPage -->
