<?xml version="1.0" encoding="UTF-8"?>
<!-- Generated by org.testng.reporters.JUnitReportReporter -->
<testsuite hostname="TX717-4441WGD" name="testscripts.SF.RegressionTestScripts.TC_SF_OBAMERBrokerAccountsCreationOfNewActivityPage" tests="1" failures="0" timestamp="8 Sep 2017 17:21:04 GMT" time="62.016" errors="0">
  <testcase name="runTC_SF_OBEMEABrokerAccountsCreationOfNewActivityPage" time="62.016" classname="testscripts.SF.RegressionTestScripts.TC_SF_OBAMERBrokerAccountsCreationOfNewActivityPage"/>
</testsuite> <!-- testscripts.SF.RegressionTestScripts.TC_SF_OBAMERBrokerAccountsCreationOfNewActivityPage -->
