<?xml version="1.0" encoding="UTF-8"?>
<!-- Generated by org.testng.reporters.JUnitReportReporter -->
<testsuite hostname="TX717-4441WGD" name="testscripts.SF.Release37TestScripts.TC_SF_OBAPACBrokerCampaignsTab" tests="1" failures="0" timestamp="13 Jun 2017 20:37:44 GMT" time="16.406" errors="0">
  <testcase name="runTC_SF_OBAPACBrokerCampaignsTab" time="16.406" classname="testscripts.SF.Release37TestScripts.TC_SF_OBAPACBrokerCampaignsTab"/>
</testsuite> <!-- testscripts.SF.Release37TestScripts.TC_SF_OBAPACBrokerCampaignsTab -->
