<?xml version="1.0" encoding="UTF-8"?>
<!-- Generated by org.testng.reporters.JUnitReportReporter -->
<testsuite hostname="TX604-7235QTD" name="testscripts.SF.RegressionTestScriptsOpp.TC_SF_ASAMERManagerModifyAutoGeneratedOpportunityName" tests="1" failures="0" timestamp="19 Mar 2018 04:17:49 GMT" time="1.881" errors="0">
  <testcase name="runTC_SF_ASAMERManagerModifyAutoGeneratedOpportunityName" time="1.881" classname="testscripts.SF.RegressionTestScriptsOpp.TC_SF_ASAMERManagerModifyAutoGeneratedOpportunityName"/>
</testsuite> <!-- testscripts.SF.RegressionTestScriptsOpp.TC_SF_ASAMERManagerModifyAutoGeneratedOpportunityName -->
