<?xml version="1.0" encoding="UTF-8"?>
<!-- Generated by org.testng.reporters.JUnitReportReporter -->
<testsuite hostname="TX717-4441WGD" name="testscripts.SF.Release38TestScripts.TC_SF_CMAPACBrokerPropertiesBuildingGrade" tests="1" failures="0" timestamp="8 Sep 2017 17:21:04 GMT" time="70.037" errors="0">
  <testcase name="runTC_SF_CMAPACBrokerPropertiesBuildingGrade" time="70.037" classname="testscripts.SF.Release38TestScripts.TC_SF_CMAPACBrokerPropertiesBuildingGrade"/>
</testsuite> <!-- testscripts.SF.Release38TestScripts.TC_SF_CMAPACBrokerPropertiesBuildingGrade -->
