<?xml version="1.0" encoding="UTF-8"?>
<!-- Generated by org.testng.reporters.JUnitReportReporter -->
<testsuite hostname="TX717-4441WGD" name="testscripts.SF.RegressionTestScripts.TC_SF_OBAMERBrokerLeadsPrivateNote" tests="1" failures="0" timestamp="12 Sep 2017 19:16:07 GMT" time="78.652" errors="0">
  <testcase name="runTC_SF_OBAMERBrokerLeadsPrivateNote" time="78.652" classname="testscripts.SF.RegressionTestScripts.TC_SF_OBAMERBrokerLeadsPrivateNote"/>
</testsuite> <!-- testscripts.SF.RegressionTestScripts.TC_SF_OBAMERBrokerLeadsPrivateNote -->
