<?xml version="1.0" encoding="UTF-8"?>
<!-- Generated by org.testng.reporters.JUnitReportReporter -->
<testsuite hostname="TX590-5R10QN2" name="testscripts.SF.RegressionTestScripts.TC_SF_ABAMERCSSContactsPopulatingAllFields" tests="1" failures="0" timestamp="10 May 2018 19:10:51 GMT" time="10.277" errors="0">
  <testcase name="runTC_SF_ABAMERCSSContactsPopulatingAllFields" time="10.277" classname="testscripts.SF.RegressionTestScripts.TC_SF_ABAMERCSSContactsPopulatingAllFields"/>
</testsuite> <!-- testscripts.SF.RegressionTestScripts.TC_SF_ABAMERCSSContactsPopulatingAllFields -->
