<?xml version="1.0" encoding="UTF-8"?>
<!-- Generated by org.testng.reporters.JUnitReportReporter -->
<testsuite hostname="TX604-7235QTD" name="testscripts.SF.SmokeTestScripts.TC_SF_OBAMERBrokerConvertLeadExistingAccount" tests="1" failures="0" timestamp="19 Mar 2018 04:17:48 GMT" time="9.945" errors="0">
  <testcase name="runTC_SF_OBAMERBrokerConvertLeadExistingAccount" time="9.945" classname="testscripts.SF.SmokeTestScripts.TC_SF_OBAMERBrokerConvertLeadExistingAccount"/>
</testsuite> <!-- testscripts.SF.SmokeTestScripts.TC_SF_OBAMERBrokerConvertLeadExistingAccount -->
