<?xml version="1.0" encoding="UTF-8"?>
<!-- Generated by org.testng.reporters.JUnitReportReporter -->
<testsuite hostname="TX717-4441WGD" name="testscripts.SF.SmokeTestScripts.TC_SF_OBAMERBrokerAddPrivateNote" tests="1" failures="0" timestamp="12 Sep 2017 19:30:15 GMT" time="118.186" errors="0">
  <testcase name="runTC_SF_OBAMERBrokerAddPrivateNote" time="118.186" classname="testscripts.SF.SmokeTestScripts.TC_SF_OBAMERBrokerAddPrivateNote"/>
</testsuite> <!-- testscripts.SF.SmokeTestScripts.TC_SF_OBAMERBrokerAddPrivateNote -->
