<?xml version="1.0" encoding="UTF-8"?>
<!-- Generated by org.testng.reporters.JUnitReportReporter -->
<testsuite hostname="TX604-7235QTD" name="testscripts.SF.RegressionTestScripts.TC_SF_ABAMERManagerLeadsConvertPage" tests="1" failures="0" timestamp="19 Mar 2018 04:17:47 GMT" time="11.061" errors="0">
  <testcase name="runTC_SF_ABAMERManagerLeadsConvertPage" time="11.061" classname="testscripts.SF.RegressionTestScripts.TC_SF_ABAMERManagerLeadsConvertPage"/>
</testsuite> <!-- testscripts.SF.RegressionTestScripts.TC_SF_ABAMERManagerLeadsConvertPage -->
