<?xml version="1.0" encoding="UTF-8"?>
<!-- Generated by org.testng.reporters.JUnitReportReporter -->
<testsuite hostname="TX717-4441WGD" name="testscripts.SF.RegressionTestScriptsOpp.TC_SF_OBAMERBrokerModifyAutoGeneratedOpportunityName" tests="1" failures="0" timestamp="12 Sep 2017 19:56:13 GMT" time="4.873" errors="0">
  <testcase name="runTC_SF_OBAMERBrokerModifyAutoGeneratedOpportunityName" time="4.873" classname="testscripts.SF.RegressionTestScriptsOpp.TC_SF_OBAMERBrokerModifyAutoGeneratedOpportunityName"/>
</testsuite> <!-- testscripts.SF.RegressionTestScriptsOpp.TC_SF_OBAMERBrokerModifyAutoGeneratedOpportunityName -->
