<?xml version="1.0" encoding="UTF-8"?>
<!-- Generated by org.testng.reporters.JUnitReportReporter -->
<testsuite hostname="TX604-7235QTD" name="testscripts.SF.RegressionTestScripts.TC_SF_OBAMERBrokerAccountsVerifyDetailsPage" tests="1" failures="0" timestamp="19 Mar 2018 04:17:47 GMT" time="179.194" errors="0">
  <testcase name="runTC_SF_OBAMERBrokerAccountsVerifyDetailsPage" time="179.194" classname="testscripts.SF.RegressionTestScripts.TC_SF_OBAMERBrokerAccountsVerifyDetailsPage"/>
</testsuite> <!-- testscripts.SF.RegressionTestScripts.TC_SF_OBAMERBrokerAccountsVerifyDetailsPage -->
