<?xml version="1.0" encoding="UTF-8"?>
<!-- Generated by org.testng.reporters.JUnitReportReporter -->
<testsuite hostname="TX717-4441WGD" name="testscripts.SF.RegressionTestScriptsOpp.TC_SF_ABAMERManagerEditPaidInstallment" tests="1" failures="0" timestamp="12 Sep 2017 18:56:20 GMT" time="86.276" errors="0">
  <testcase name="runTC_SF_ABAMERManagerEditPaidInstallment" time="86.276" classname="testscripts.SF.RegressionTestScriptsOpp.TC_SF_ABAMERManagerEditPaidInstallment"/>
</testsuite> <!-- testscripts.SF.RegressionTestScriptsOpp.TC_SF_ABAMERManagerEditPaidInstallment -->
