<?xml version="1.0" encoding="UTF-8"?>
<!-- Generated by org.testng.reporters.JUnitReportReporter -->
<testsuite hostname="TX717-4441WGD" name="testscripts.SF.RegressionTestScripts.TC_SF_ABAMERBrokerLeadsVerifyNewCustomPage" tests="1" failures="0" timestamp="8 Sep 2017 17:21:03 GMT" time="76.894" errors="0">
  <testcase name="runTC_SF_ABAMERBrokerLeadsVerifyCustomPage" time="76.894" classname="testscripts.SF.RegressionTestScripts.TC_SF_ABAMERBrokerLeadsVerifyNewCustomPage"/>
</testsuite> <!-- testscripts.SF.RegressionTestScripts.TC_SF_ABAMERBrokerLeadsVerifyNewCustomPage -->
