<?xml version="1.0" encoding="UTF-8"?>
<!-- Generated by org.testng.reporters.JUnitReportReporter -->
<testsuite hostname="TX717-4441WGD" name="testscripts.SF.RegressionTestScripts.TC_SF_ABAMERManagerLeadsSharingFunctionalityPage" tests="1" failures="0" timestamp="8 Sep 2017 17:21:04 GMT" time="46.219" errors="0">
  <testcase name="runTC_SF_ABAMERManagerLeadsSharingFunctionalityPage" time="46.219" classname="testscripts.SF.RegressionTestScripts.TC_SF_ABAMERManagerLeadsSharingFunctionalityPage"/>
</testsuite> <!-- testscripts.SF.RegressionTestScripts.TC_SF_ABAMERManagerLeadsSharingFunctionalityPage -->
