<?xml version="1.0" encoding="UTF-8"?>
<!-- Generated by org.testng.reporters.JUnitReportReporter -->
<testsuite hostname="TX717-4441WGD" name="testscripts.SF.Release37TestScripts.TC_SF_ASEMEABrokerOpportunitiesVerifyingRFPAndPitchDueDateFields" tests="1" failures="0" timestamp="12 Jun 2017 22:02:49 GMT" time="78.916" errors="0">
  <testcase name="runTC_SF_ASEMEABrokerOpportunitiesVerifyingRFPAndPitchDueDateFields" time="78.916" classname="testscripts.SF.Release37TestScripts.TC_SF_ASEMEABrokerOpportunitiesVerifyingRFPAndPitchDueDateFields"/>
</testsuite> <!-- testscripts.SF.Release37TestScripts.TC_SF_ASEMEABrokerOpportunitiesVerifyingRFPAndPitchDueDateFields -->
