<?xml version="1.0" encoding="UTF-8"?>
<!-- Generated by org.testng.reporters.JUnitReportReporter -->
<testsuite hostname="TX604-7235QTD" name="testscripts.SF.RegressionTestScripts.TC_SF_CMAMERBrokerContactsPopulatingAllFields" tests="1" failures="0" timestamp="19 Mar 2018 04:17:49 GMT" time="5.392" errors="0">
  <testcase name="runTC_SF_CMAMERBrokerContactsPopulatingAllFields" time="5.392" classname="testscripts.SF.RegressionTestScripts.TC_SF_CMAMERBrokerContactsPopulatingAllFields"/>
</testsuite> <!-- testscripts.SF.RegressionTestScripts.TC_SF_CMAMERBrokerContactsPopulatingAllFields -->
