<?xml version="1.0" encoding="UTF-8"?>
<!-- Generated by org.testng.reporters.JUnitReportReporter -->
<testsuite hostname="TX604-7235QTD" name="testscripts.SF.RegressionTestScriptsOpp.TC_SF_OBAMERBrokerAutoGeneratedOpportunity" tests="1" failures="0" timestamp="19 Mar 2018 04:17:48 GMT" time="7.355" errors="0">
  <testcase name="runTC_SF_OBAMERManagerAutoGeneratedOpportunity" time="7.355" classname="testscripts.SF.RegressionTestScriptsOpp.TC_SF_OBAMERBrokerAutoGeneratedOpportunity"/>
</testsuite> <!-- testscripts.SF.RegressionTestScriptsOpp.TC_SF_OBAMERBrokerAutoGeneratedOpportunity -->
