<?xml version="1.0" encoding="UTF-8"?>
<!-- Generated by org.testng.reporters.JUnitReportReporter -->
<testsuite hostname="TX604-7235QTD" name="testscripts.SF.Release37TestScripts.TC_SF_DAEMEADataCIMReportsList" tests="1" failures="0" timestamp="19 Mar 2018 04:17:48 GMT" time="63.799" errors="0">
  <testcase name="runTC_SF_DAEMEADataCIMReportsList" time="63.799" classname="testscripts.SF.Release37TestScripts.TC_SF_DAEMEADataCIMReportsList"/>
</testsuite> <!-- testscripts.SF.Release37TestScripts.TC_SF_DAEMEADataCIMReportsList -->
