<?xml version="1.0" encoding="UTF-8"?>
<!-- Generated by org.testng.reporters.JUnitReportReporter -->
<testsuite hostname="TX717-4441WGD" name="testscripts.SF.RegressionTestScriptsOpp.TC_SF_ABAPACManagerDefaultLandingPage" tests="1" failures="0" timestamp="5 Sep 2017 19:43:39 GMT" time="38.654" errors="0">
  <testcase name="runTC_SF_ABAPACManagerDefaultLandingPage" time="38.654" classname="testscripts.SF.RegressionTestScriptsOpp.TC_SF_ABAPACManagerDefaultLandingPage"/>
</testsuite> <!-- testscripts.SF.RegressionTestScriptsOpp.TC_SF_ABAPACManagerDefaultLandingPage -->
