<?xml version="1.0" encoding="UTF-8"?>
<!-- Generated by org.testng.reporters.JUnitReportReporter -->
<testsuite hostname="TX717-4441WGD" name="testscripts.SF.RegressionTestScripts.TC_SF_ABAMERBrokerLeadsConvertPageWithPrivateNote" tests="1" failures="0" timestamp="8 Sep 2017 17:21:04 GMT" time="192.012" errors="0">
  <testcase name="runTC_SF_ABAMERBrokerLeadsConvertPageWithPrivateNote" time="192.012" classname="testscripts.SF.RegressionTestScripts.TC_SF_ABAMERBrokerLeadsConvertPageWithPrivateNote"/>
</testsuite> <!-- testscripts.SF.RegressionTestScripts.TC_SF_ABAMERBrokerLeadsConvertPageWithPrivateNote -->
