<?xml version="1.0" encoding="UTF-8"?>
<!-- Generated by org.testng.reporters.JUnitReportReporter -->
<testsuite hostname="TX717-4441WGD" name="testscripts.SF.RegressionTestScripts.TC_SF_ABAMERManagerPropertiesCreationOfNewActivityPage" tests="1" failures="0" timestamp="12 Sep 2017 18:56:20 GMT" time="109.003" errors="0">
  <testcase name="runTC_SF_ABAMERManagerPropertiesCreationOfNewActivityPage" time="109.003" classname="testscripts.SF.RegressionTestScripts.TC_SF_ABAMERManagerPropertiesCreationOfNewActivityPage"/>
</testsuite> <!-- testscripts.SF.RegressionTestScripts.TC_SF_ABAMERManagerPropertiesCreationOfNewActivityPage -->
