<?xml version="1.0" encoding="UTF-8"?>
<!-- Generated by org.testng.reporters.JUnitReportReporter -->
<testsuite hostname="TX590-5R10QN2" name="testscripts.SF.RegressionTestScripts.TC_SF_ABAMERBrokerPropertiesVerifyCustomEventPage" tests="1" failures="0" timestamp="10 May 2018 19:40:05 GMT" time="60.565" errors="0">
  <testcase name="runTC_SF_ABAMERBrokerPropertiesVerifyCustomEventPage" time="60.565" classname="testscripts.SF.RegressionTestScripts.TC_SF_ABAMERBrokerPropertiesVerifyCustomEventPage"/>
</testsuite> <!-- testscripts.SF.RegressionTestScripts.TC_SF_ABAMERBrokerPropertiesVerifyCustomEventPage -->
