<?xml version="1.0" encoding="UTF-8"?>
<!-- Generated by org.testng.reporters.JUnitReportReporter -->
<testsuite hostname="TX590-5R10QN2" name="testscripts.SF.RegressionTestScriptsOpp.TC_SF_CMAMERBrokerPSOpportunityNameAutoGenerate" tests="1" failures="0" timestamp="9 May 2018 14:45:11 GMT" time="38.571" errors="0">
  <testcase name="runTC_SF_CMAMERBrokerPSOpportunityNameAutoGenerate" time="38.571" classname="testscripts.SF.RegressionTestScriptsOpp.TC_SF_CMAMERBrokerPSOpportunityNameAutoGenerate"/>
</testsuite> <!-- testscripts.SF.RegressionTestScriptsOpp.TC_SF_CMAMERBrokerPSOpportunityNameAutoGenerate -->
