<?xml version="1.0" encoding="UTF-8"?>
<!-- Generated by org.testng.reporters.JUnitReportReporter -->
<testsuite hostname="TX717-4441WGD" name="testscripts.SF.RegressionTestScripts.TC_SF_CMAMERManagerAccountsPopulatingRequiredFieldsPage" tests="1" failures="0" timestamp="8 Sep 2017 17:21:03 GMT" time="37.180" errors="0">
  <testcase name="runTC_SF_CMAMERManagerAccountsPopulatingRequiredFieldsPage" time="37.180" classname="testscripts.SF.RegressionTestScripts.TC_SF_CMAMERManagerAccountsPopulatingRequiredFieldsPage"/>
</testsuite> <!-- testscripts.SF.RegressionTestScripts.TC_SF_CMAMERManagerAccountsPopulatingRequiredFieldsPage -->
