<?xml version="1.0" encoding="UTF-8"?>
<!-- Generated by org.testng.reporters.JUnitReportReporter -->
<testsuite hostname="TX590-5R10QN2" name="testscripts.SF.RegressionTestScriptsOpp.TC_SF_CMAMERManagerOpportunityCloneEdit" tests="1" failures="0" timestamp="9 May 2018 14:48:03 GMT" time="33.467" errors="0">
  <testcase name="runTC_SF_CMAMERManagerOpportunityCloneEdit" time="33.467" classname="testscripts.SF.RegressionTestScriptsOpp.TC_SF_CMAMERManagerOpportunityCloneEdit"/>
</testsuite> <!-- testscripts.SF.RegressionTestScriptsOpp.TC_SF_CMAMERManagerOpportunityCloneEdit -->
