<?xml version="1.0" encoding="UTF-8"?>
<!-- Generated by org.testng.reporters.JUnitReportReporter -->
<testsuite hostname="TX604-7235QTD" name="testscripts.SF.RegressionTestScriptsOpp.TC_SF_CMAMERBrokerAssociateProperty" tests="1" failures="0" timestamp="19 Mar 2018 04:17:47 GMT" time="102.046" errors="0">
  <testcase name="runTC_SF_CMAMERBrokerAssociateProperty" time="102.046" classname="testscripts.SF.RegressionTestScriptsOpp.TC_SF_CMAMERBrokerAssociateProperty"/>
</testsuite> <!-- testscripts.SF.RegressionTestScriptsOpp.TC_SF_CMAMERBrokerAssociateProperty -->
