<?xml version="1.0" encoding="UTF-8"?>
<!-- Generated by org.testng.reporters.JUnitReportReporter -->
<testsuite hostname="TX717-4441WGD" name="testscripts.SF.RegressionTestScripts.TC_SF_ABAMERBrokerAccountsPopulatingAllFields" tests="1" failures="0" timestamp="8 Sep 2017 17:21:03 GMT" time="146.766" errors="0">
  <testcase name="runTC_SF_ABAMERBrokerAccountsPopulatingAllFields" time="146.766" classname="testscripts.SF.RegressionTestScripts.TC_SF_ABAMERBrokerAccountsPopulatingAllFields"/>
</testsuite> <!-- testscripts.SF.RegressionTestScripts.TC_SF_ABAMERBrokerAccountsPopulatingAllFields -->
