<?xml version="1.0" encoding="UTF-8"?>
<!-- Generated by org.testng.reporters.JUnitReportReporter -->
<testsuite hostname="TX717-4441WGD" name="testscripts.SF.Release37TestScripts.TC_SF_ASAMERManagerOpportunitiesVerifyingCapitalMarketsRevenueField" tests="1" failures="0" timestamp="12 Jun 2017 22:02:49 GMT" time="36.496" errors="0">
  <testcase name="runTC_SF_ASAMERManagerOpportunitiesVerifyingCapitalMarketsRevenueField" time="36.496" classname="testscripts.SF.Release37TestScripts.TC_SF_ASAMERManagerOpportunitiesVerifyingCapitalMarketsRevenueField"/>
</testsuite> <!-- testscripts.SF.Release37TestScripts.TC_SF_ASAMERManagerOpportunitiesVerifyingCapitalMarketsRevenueField -->
