<?xml version="1.0" encoding="UTF-8"?>
<!-- Generated by org.testng.reporters.JUnitReportReporter -->
<testsuite hostname="TX604-7235QTD" name="testscripts.SF.RegressionTestScriptsOpp.TC_SF_CMEMACSSDSFOpportunityNameAutoGenerate" tests="1" failures="0" timestamp="19 Mar 2018 04:17:48 GMT" time="10.348" errors="0">
  <testcase name="runTC_SF_CMEMACSSDSFOpportunityNameAutoGenerate" time="10.348" classname="testscripts.SF.RegressionTestScriptsOpp.TC_SF_CMEMACSSDSFOpportunityNameAutoGenerate"/>
</testsuite> <!-- testscripts.SF.RegressionTestScriptsOpp.TC_SF_CMEMACSSDSFOpportunityNameAutoGenerate -->
