<?xml version="1.0" encoding="UTF-8"?>
<!-- Generated by org.testng.reporters.JUnitReportReporter -->
<testsuite hostname="TX604-7235QTD" name="testscripts.SF.Release37TestScripts.TC_SF_ASAPACBrokerAdditionalActivityTypes" tests="1" failures="0" timestamp="19 Mar 2018 15:05:10 GMT" time="32.650" errors="0">
  <testcase name="runTC_SF_ASAPACBrokerAdditionalActivityTypes" time="32.650" classname="testscripts.SF.Release37TestScripts.TC_SF_ASAPACBrokerAdditionalActivityTypes"/>
</testsuite> <!-- testscripts.SF.Release37TestScripts.TC_SF_ASAPACBrokerAdditionalActivityTypes -->
