<?xml version="1.0" encoding="UTF-8"?>
<!-- Generated by org.testng.reporters.JUnitReportReporter -->
<testsuite hostname="TX590-5R10QN2" name="testscripts.SF.RegressionTestScripts.TC_SF_ABAMERBrokerLeadsCustomEventPage" tests="1" failures="0" timestamp="10 May 2018 14:28:23 GMT" time="29.169" errors="0">
  <testcase name="runTC_SF_ABAMERBrokerLeadsCustomEventPage" time="29.169" classname="testscripts.SF.RegressionTestScripts.TC_SF_ABAMERBrokerLeadsCustomEventPage"/>
</testsuite> <!-- testscripts.SF.RegressionTestScripts.TC_SF_ABAMERBrokerLeadsCustomEventPage -->
