<?xml version="1.0" encoding="UTF-8"?>
<!-- Generated by org.testng.reporters.JUnitReportReporter -->
<testsuite hostname="TX590-5R10QN2" name="testscripts.SF.SmokeTestScripts.TC_SF_OBAMERBrokerAddNewPersonalInformation" tests="1" failures="0" timestamp="9 May 2018 14:45:11 GMT" time="85.375" errors="0">
  <testcase name="runTC_SF_OBAMERBrokerAddNewPersonalInformation" time="85.375" classname="testscripts.SF.SmokeTestScripts.TC_SF_OBAMERBrokerAddNewPersonalInformation"/>
</testsuite> <!-- testscripts.SF.SmokeTestScripts.TC_SF_OBAMERBrokerAddNewPersonalInformation -->
