<?xml version="1.0" encoding="UTF-8"?>
<!-- Generated by org.testng.reporters.JUnitReportReporter -->
<testsuite hostname="TX717-4441WGD" name="testscripts.SF.RegressionTestScriptsOpp.TC_SF_OBAMERCSSAutoGeneratedOpportunity" tests="1" failures="0" timestamp="31 Aug 2017 18:02:26 GMT" time="11.230" errors="0">
  <testcase name="runTC_SF_OBAMERCSSAutoGeneratedOpportunity" time="11.230" classname="testscripts.SF.RegressionTestScriptsOpp.TC_SF_OBAMERCSSAutoGeneratedOpportunity"/>
</testsuite> <!-- testscripts.SF.RegressionTestScriptsOpp.TC_SF_OBAMERCSSAutoGeneratedOpportunity -->
