<?xml version="1.0" encoding="UTF-8"?>
<!-- Generated by org.testng.reporters.JUnitReportReporter -->
<testsuite hostname="TX717-4441WGD" name="testscripts.SF.RegressionTestScriptsOpp.TC_SF_ABEMEABrokerDefaultSalesPhaseField" tests="1" failures="0" timestamp="6 Sep 2017 17:05:07 GMT" time="64.521" errors="0">
  <testcase name="runTC_SF_ABEMEABrokerDefaultSalesPhaseField" time="64.521" classname="testscripts.SF.RegressionTestScriptsOpp.TC_SF_ABEMEABrokerDefaultSalesPhaseField"/>
</testsuite> <!-- testscripts.SF.RegressionTestScriptsOpp.TC_SF_ABEMEABrokerDefaultSalesPhaseField -->
