<?xml version="1.0" encoding="UTF-8"?>
<!-- Generated by org.testng.reporters.JUnitReportReporter -->
<testsuite hostname="TX590-5R10QN2" name="testscripts.SF.RegressionTestScripts.TC_SF_OBAMERCSSLeadsVerifyNewCustomPage" tests="1" failures="0" timestamp="16 May 2018 19:28:00 GMT" time="99.591" errors="0">
  <testcase name="runTC_SF_OBAMERCSSLeadsVerifyNewCustomPage" time="99.591" classname="testscripts.SF.RegressionTestScripts.TC_SF_OBAMERCSSLeadsVerifyNewCustomPage"/>
</testsuite> <!-- testscripts.SF.RegressionTestScripts.TC_SF_OBAMERCSSLeadsVerifyNewCustomPage -->
