<?xml version="1.0" encoding="UTF-8"?>
<!-- Generated by org.testng.reporters.JUnitReportReporter -->
<testsuite hostname="TX717-4441WGD" name="testscripts.SF.SmokeTestScripts.TC_SF_OBAMERAdminLogin" tests="1" failures="0" timestamp="19 Jun 2017 17:25:04 GMT" time="69.528" errors="0">
  <testcase name="runTC_SF_OBAMERAdminLogin" time="69.528" classname="testscripts.SF.SmokeTestScripts.TC_SF_OBAMERAdminLogin"/>
</testsuite> <!-- testscripts.SF.SmokeTestScripts.TC_SF_OBAMERAdminLogin -->
