<?xml version="1.0" encoding="UTF-8"?>
<!-- Generated by org.testng.reporters.JUnitReportReporter -->
<testsuite hostname="TX604-7235QTD" name="testscripts.SF.Release37TestScripts.TC_SF_ASAPACManagerTermOfContractField" tests="1" failures="0" timestamp="19 Mar 2018 04:17:47 GMT" time="43.770" errors="0">
  <testcase name="RUNTC_SF_ASAPACManagerTermOfContractField" time="43.770" classname="testscripts.SF.Release37TestScripts.TC_SF_ASAPACManagerTermOfContractField"/>
</testsuite> <!-- testscripts.SF.Release37TestScripts.TC_SF_ASAPACManagerTermOfContractField -->
