<?xml version="1.0" encoding="UTF-8"?>
<!-- Generated by org.testng.reporters.JUnitReportReporter -->
<testsuite hostname="TX590-5R10QN2" name="testscripts.SF.RegressionTestScripts.TC_SF_ABAMERBrokerHomePageLinks" tests="1" failures="0" timestamp="10 May 2018 14:28:23 GMT" time="44.364" errors="0">
  <testcase name="runTC_SF_ABAMERBrokerHomePageLinks" time="44.364" classname="testscripts.SF.RegressionTestScripts.TC_SF_ABAMERBrokerHomePageLinks"/>
</testsuite> <!-- testscripts.SF.RegressionTestScripts.TC_SF_ABAMERBrokerHomePageLinks -->
