<?xml version="1.0" encoding="UTF-8"?>
<!-- Generated by org.testng.reporters.JUnitReportReporter -->
<testsuite hostname="TX604-7235QTD" name="testscripts.SF.Release37TestScripts.TC_SF_OBAMERAdminAccountsPrivateTags" tests="1" failures="0" timestamp="19 Mar 2018 15:05:10 GMT" time="64.210" errors="0">
  <testcase name="RUNTC_SF_OBAMERAdminAccountsPrivateTags" time="64.210" classname="testscripts.SF.Release37TestScripts.TC_SF_OBAMERAdminAccountsPrivateTags"/>
</testsuite> <!-- testscripts.SF.Release37TestScripts.TC_SF_OBAMERAdminAccountsPrivateTags -->
