<?xml version="1.0" encoding="UTF-8"?>
<!-- Generated by org.testng.reporters.JUnitReportReporter -->
<testsuite hostname="TX717-4441WGD" name="testscripts.SF.RegressionTestScripts.TC_SF_ABAMERBrokerAccountsCreationOfNewActivityPage" tests="1" failures="0" timestamp="11 Sep 2017 22:24:56 GMT" time="119.437" errors="0">
  <testcase name="runTC_SF_ABEMEABrokerAccountsCreationOfNewActivityPage" time="119.437" classname="testscripts.SF.RegressionTestScripts.TC_SF_ABAMERBrokerAccountsCreationOfNewActivityPage"/>
</testsuite> <!-- testscripts.SF.RegressionTestScripts.TC_SF_ABAMERBrokerAccountsCreationOfNewActivityPage -->
